Using pre-set license
Built from '2020.3/staging' branch; Version is '2020.3.41f1 (7c19dc9acfda) revision 8133084'; Using compiler version '192528614'; Build Type 'Release'
OS: 'Windows 10  (10.0.19045) 64bit Core' Language: 'ru' Physical Memory: 16327 MB
BatchMode: 1, IsHumanControllingUs: 0, StartBugReporterOnCrash: 0, Is64bit: 1, IsPro: 0

COMMAND LINE ARGUMENTS:
C:\Program Files\Unity\Hub\Editor\2020.3.41f1\Editor\Unity.exe
-adb2
-batchMode
-noUpm
-name
AssetImportWorker0
-projectPath
E:/my_unity_project/MyThreeInARow
-logFile
Logs/AssetImportWorker0.log
-srvPort
53178
Successfully changed project path to: E:/my_unity_project/MyThreeInARow
E:/my_unity_project/MyThreeInARow
Using Asset Import Pipeline V2.
Refreshing native plugins compatible for Editor in 60.52 ms, found 3 plugins.
Preloading 0 native plugins for Editor in 0.00 ms.
Initialize engine version: 2020.3.41f1 (7c19dc9acfda)
[Subsystems] Discovering subsystems at path C:/Program Files/Unity/Hub/Editor/2020.3.41f1/Editor/Data/Resources/UnitySubsystems
[Subsystems] Discovering subsystems at path E:/my_unity_project/MyThreeInARow/Assets
GfxDevice: creating device client; threaded=0
Direct3D:
    Version:  Direct3D 11.0 [level 11.1]
    Renderer: NVIDIA GeForce GTX 1080 (ID=0x1b80)
    Vendor:   
    VRAM:     8073 MB
    Driver:   31.0.15.4601
Initialize mono
Mono path[0] = 'C:/Program Files/Unity/Hub/Editor/2020.3.41f1/Editor/Data/Managed'
Mono path[1] = 'C:/Program Files/Unity/Hub/Editor/2020.3.41f1/Editor/Data/MonoBleedingEdge/lib/mono/unityjit'
Mono config path = 'C:/Program Files/Unity/Hub/Editor/2020.3.41f1/Editor/Data/MonoBleedingEdge/etc'
Using monoOptions --debugger-agent=transport=dt_socket,embedding=1,server=y,suspend=n,address=127.0.0.1:56768
Begin MonoManager ReloadAssembly
Registering precompiled unity dll's ...
Register platform support module: C:/Program Files/Unity/Hub/Editor/2020.3.41f1/Editor/Data/PlaybackEngines/WindowsStandaloneSupport/UnityEditor.WindowsStandalone.Extensions.dll
Registered in 0.001811 seconds.
Native extension for WindowsStandalone target not found
Refreshing native plugins compatible for Editor in 55.58 ms, found 3 plugins.
Preloading 0 native plugins for Editor in 0.00 ms.
Mono: successfully reloaded assembly
- Completed reload, in  0.558 seconds
Domain Reload Profiling:
	ReloadAssembly (558ms)
		BeginReloadAssembly (56ms)
			ExecutionOrderSort (0ms)
			DisableScriptedObjects (0ms)
			BackupInstance (0ms)
			ReleaseScriptingObjects (0ms)
			CreateAndSetChildDomain (1ms)
		EndReloadAssembly (439ms)
			LoadAssemblies (54ms)
			RebuildTransferFunctionScriptingTraits (0ms)
			SetupTypeCache (136ms)
			ReleaseScriptCaches (0ms)
			RebuildScriptCaches (28ms)
			SetupLoadedEditorAssemblies (165ms)
				LogAssemblyErrors (0ms)
				InitializePlatformSupportModulesInManaged (3ms)
				SetLoadedEditorAssemblies (0ms)
				RefreshPlugins (56ms)
				BeforeProcessingInitializeOnLoad (14ms)
				ProcessInitializeOnLoadAttributes (69ms)
				ProcessInitializeOnLoadMethodAttributes (23ms)
				AfterProcessingInitializeOnLoad (0ms)
				EditorAssembliesLoaded (0ms)
			ExecutionOrderSort2 (0ms)
			AwakeInstancesAfterBackupRestoration (0ms)
Platform modules already initialized, skipping
Registering precompiled user dll's ...
Registered in 0.002505 seconds.
Begin MonoManager ReloadAssembly
Native extension for WindowsStandalone target not found
Refreshing native plugins compatible for Editor in 58.72 ms, found 3 plugins.
Preloading 0 native plugins for Editor in 0.00 ms.
Mono: successfully reloaded assembly
- Completed reload, in  1.126 seconds
Domain Reload Profiling:
	ReloadAssembly (1126ms)
		BeginReloadAssembly (138ms)
			ExecutionOrderSort (0ms)
			DisableScriptedObjects (4ms)
			BackupInstance (0ms)
			ReleaseScriptingObjects (0ms)
			CreateAndSetChildDomain (19ms)
		EndReloadAssembly (934ms)
			LoadAssemblies (99ms)
			RebuildTransferFunctionScriptingTraits (0ms)
			SetupTypeCache (345ms)
			ReleaseScriptCaches (1ms)
			RebuildScriptCaches (55ms)
			SetupLoadedEditorAssemblies (337ms)
				LogAssemblyErrors (0ms)
				InitializePlatformSupportModulesInManaged (3ms)
				SetLoadedEditorAssemblies (0ms)
				RefreshPlugins (59ms)
				BeforeProcessingInitializeOnLoad (88ms)
				ProcessInitializeOnLoadAttributes (164ms)
				ProcessInitializeOnLoadMethodAttributes (17ms)
				AfterProcessingInitializeOnLoad (6ms)
				EditorAssembliesLoaded (0ms)
			ExecutionOrderSort2 (0ms)
			AwakeInstancesAfterBackupRestoration (2ms)
Platform modules already initialized, skipping
========================================================================
Worker process is ready to serve import requests
Launched and connected shader compiler UnityShaderCompiler.exe after 0.04 seconds
Refreshing native plugins compatible for Editor in 0.69 ms, found 3 plugins.
Preloading 0 native plugins for Editor in 0.00 ms.
Unloading 3388 Unused Serialized files (Serialized files now loaded: 0)
System memory in use before: 173.0 MB.
System memory in use after: 173.2 MB.

Unloading 27 unused Assets to reduce memory usage. Loaded Objects now: 3851.
Total: 3.678900 ms (FindLiveObjects: 0.451100 ms CreateObjectMapping: 0.241200 ms MarkObjects: 2.872300 ms  DeleteObjects: 0.113000 ms)

AssetImportParameters requested are different than current active one (requested -> active):
  custom:framework-win-MediaFoundation: 216162199b28c13a410421893ffa2e32 -> 
  custom:video-decoder-ogg-theora: a1e56fd34408186e4bbccfd4996cb3dc -> 
  custom:container-muxer-webm: aa71ff27fc2769a1b78a27578f13a17b -> 
  custom:container-demuxer-webm: 4f35f7cbe854078d1ac9338744f61a02 -> 
  custom:container-demuxer-ogg: 62fdf1f143b41e24485cea50d1cbac27 -> 
  custom:video-encoder-webm-vp8: eb34c28f22e8b96e1ab97ce403110664 -> 
  custom:video-decoder-webm-vp8: 9c59270c3fd7afecdb556c50c9e8de78 -> 
  custom:audio-decoder-ogg-vorbis: bf7c407c2cedff20999df2af8eb42d56 -> 
  custom:audio-encoder-webm-vorbis: bf7c407c2cedff20999df2af8eb42d56 -> 
========================================================================
Received Import Request.
  path: Assets/Resources/my_script/MyMain.cs
  artifactKey: Guid(cac05d11810cf52428633771d3d801ee) Importer(815301076,1909f56bfc062723c751e8b465ee728b)
Start importing Assets/Resources/my_script/MyMain.cs using Guid(cac05d11810cf52428633771d3d801ee) Importer(815301076,1909f56bfc062723c751e8b465ee728b)  -> (artifact id: '7b31efd26e36a7ce240cdc76465a28e2') in 0.050261 seconds 
========================================================================
Received Prepare
Refreshing native plugins compatible for Editor in 2.81 ms, found 3 plugins.
Preloading 0 native plugins for Editor in 0.00 ms.
Unloading 15 Unused Serialized files (Serialized files now loaded: 0)
System memory in use before: 99.9 MB.
System memory in use after: 100.1 MB.

Unloading 15 unused Assets to reduce memory usage. Loaded Objects now: 3851.
Total: 3.861500 ms (FindLiveObjects: 0.270300 ms CreateObjectMapping: 0.173800 ms MarkObjects: 3.329400 ms  DeleteObjects: 0.087400 ms)

AssetImportParameters requested are different than current active one (requested -> active):
  custom:framework-win-MediaFoundation: 216162199b28c13a410421893ffa2e32 -> 
  custom:video-decoder-ogg-theora: a1e56fd34408186e4bbccfd4996cb3dc -> 
  custom:container-muxer-webm: aa71ff27fc2769a1b78a27578f13a17b -> 
  custom:container-demuxer-webm: 4f35f7cbe854078d1ac9338744f61a02 -> 
  custom:container-demuxer-ogg: 62fdf1f143b41e24485cea50d1cbac27 -> 
  custom:video-encoder-webm-vp8: eb34c28f22e8b96e1ab97ce403110664 -> 
  custom:video-decoder-webm-vp8: 9c59270c3fd7afecdb556c50c9e8de78 -> 
  custom:audio-decoder-ogg-vorbis: bf7c407c2cedff20999df2af8eb42d56 -> 
  custom:audio-encoder-webm-vorbis: bf7c407c2cedff20999df2af8eb42d56 -> 
========================================================================
Received Import Request.
  Time since last request: 19.671422 seconds.
  path: Assets/Resources/my_script/MyMain.cs
  artifactKey: Guid(cac05d11810cf52428633771d3d801ee) Importer(815301076,1909f56bfc062723c751e8b465ee728b)
Start importing Assets/Resources/my_script/MyMain.cs using Guid(cac05d11810cf52428633771d3d801ee) Importer(815301076,1909f56bfc062723c751e8b465ee728b)  -> (artifact id: '41e0835c754db0405addd4fbc12f7f9e') in 0.002201 seconds 
========================================================================
Received Prepare
Registering precompiled user dll's ...
Registered in 0.002384 seconds.
Begin MonoManager ReloadAssembly
Native extension for WindowsStandalone target not found
Refreshing native plugins compatible for Editor in 1.01 ms, found 3 plugins.
Preloading 0 native plugins for Editor in 0.00 ms.
Mono: successfully reloaded assembly
- Completed reload, in  0.990 seconds
Domain Reload Profiling:
	ReloadAssembly (990ms)
		BeginReloadAssembly (110ms)
			ExecutionOrderSort (0ms)
			DisableScriptedObjects (6ms)
			BackupInstance (0ms)
			ReleaseScriptingObjects (0ms)
			CreateAndSetChildDomain (36ms)
		EndReloadAssembly (829ms)
			LoadAssemblies (91ms)
			RebuildTransferFunctionScriptingTraits (0ms)
			SetupTypeCache (295ms)
			ReleaseScriptCaches (1ms)
			RebuildScriptCaches (46ms)
			SetupLoadedEditorAssemblies (309ms)
				LogAssemblyErrors (0ms)
				InitializePlatformSupportModulesInManaged (5ms)
				SetLoadedEditorAssemblies (1ms)
				RefreshPlugins (1ms)
				BeforeProcessingInitializeOnLoad (91ms)
				ProcessInitializeOnLoadAttributes (191ms)
				ProcessInitializeOnLoadMethodAttributes (13ms)
				AfterProcessingInitializeOnLoad (7ms)
				EditorAssembliesLoaded (0ms)
			ExecutionOrderSort2 (0ms)
			AwakeInstancesAfterBackupRestoration (5ms)
Platform modules already initialized, skipping
Refreshing native plugins compatible for Editor in 0.62 ms, found 3 plugins.
Preloading 0 native plugins for Editor in 0.00 ms.
Unloading 3267 Unused Serialized files (Serialized files now loaded: 0)
System memory in use before: 164.7 MB.
System memory in use after: 164.9 MB.

Unloading 17 unused Assets to reduce memory usage. Loaded Objects now: 3854.
Total: 3.085200 ms (FindLiveObjects: 0.261700 ms CreateObjectMapping: 0.153800 ms MarkObjects: 2.578300 ms  DeleteObjects: 0.090600 ms)

AssetImportParameters requested are different than current active one (requested -> active):
  custom:framework-win-MediaFoundation: 216162199b28c13a410421893ffa2e32 -> 
  custom:video-decoder-ogg-theora: a1e56fd34408186e4bbccfd4996cb3dc -> 
  custom:container-muxer-webm: aa71ff27fc2769a1b78a27578f13a17b -> 
  custom:container-demuxer-webm: 4f35f7cbe854078d1ac9338744f61a02 -> 
  custom:container-demuxer-ogg: 62fdf1f143b41e24485cea50d1cbac27 -> 
  custom:video-encoder-webm-vp8: eb34c28f22e8b96e1ab97ce403110664 -> 
  custom:video-decoder-webm-vp8: 9c59270c3fd7afecdb556c50c9e8de78 -> 
  custom:audio-decoder-ogg-vorbis: bf7c407c2cedff20999df2af8eb42d56 -> 
  custom:audio-encoder-webm-vorbis: bf7c407c2cedff20999df2af8eb42d56 -> 
========================================================================
Received Prepare
Registering precompiled user dll's ...
Registered in 0.002292 seconds.
Begin MonoManager ReloadAssembly
Native extension for WindowsStandalone target not found
Refreshing native plugins compatible for Editor in 0.59 ms, found 3 plugins.
Preloading 0 native plugins for Editor in 0.00 ms.
Mono: successfully reloaded assembly
- Completed reload, in  0.903 seconds
Domain Reload Profiling:
	ReloadAssembly (903ms)
		BeginReloadAssembly (101ms)
			ExecutionOrderSort (0ms)
			DisableScriptedObjects (5ms)
			BackupInstance (0ms)
			ReleaseScriptingObjects (0ms)
			CreateAndSetChildDomain (30ms)
		EndReloadAssembly (752ms)
			LoadAssemblies (87ms)
			RebuildTransferFunctionScriptingTraits (0ms)
			SetupTypeCache (273ms)
			ReleaseScriptCaches (1ms)
			RebuildScriptCaches (40ms)
			SetupLoadedEditorAssemblies (273ms)
				LogAssemblyErrors (0ms)
				InitializePlatformSupportModulesInManaged (3ms)
				SetLoadedEditorAssemblies (0ms)
				RefreshPlugins (1ms)
				BeforeProcessingInitializeOnLoad (80ms)
				ProcessInitializeOnLoadAttributes (170ms)
				ProcessInitializeOnLoadMethodAttributes (13ms)
				AfterProcessingInitializeOnLoad (6ms)
				EditorAssembliesLoaded (0ms)
			ExecutionOrderSort2 (0ms)
			AwakeInstancesAfterBackupRestoration (5ms)
Platform modules already initialized, skipping
Refreshing native plugins compatible for Editor in 0.59 ms, found 3 plugins.
Preloading 0 native plugins for Editor in 0.00 ms.
Unloading 3267 Unused Serialized files (Serialized files now loaded: 0)
System memory in use before: 164.8 MB.
System memory in use after: 165.0 MB.

Unloading 17 unused Assets to reduce memory usage. Loaded Objects now: 3857.
Total: 3.029400 ms (FindLiveObjects: 0.260500 ms CreateObjectMapping: 0.138600 ms MarkObjects: 2.542400 ms  DeleteObjects: 0.087000 ms)

AssetImportParameters requested are different than current active one (requested -> active):
  custom:framework-win-MediaFoundation: 216162199b28c13a410421893ffa2e32 -> 
  custom:video-decoder-ogg-theora: a1e56fd34408186e4bbccfd4996cb3dc -> 
  custom:container-muxer-webm: aa71ff27fc2769a1b78a27578f13a17b -> 
  custom:container-demuxer-webm: 4f35f7cbe854078d1ac9338744f61a02 -> 
  custom:container-demuxer-ogg: 62fdf1f143b41e24485cea50d1cbac27 -> 
  custom:video-encoder-webm-vp8: eb34c28f22e8b96e1ab97ce403110664 -> 
  custom:video-decoder-webm-vp8: 9c59270c3fd7afecdb556c50c9e8de78 -> 
  custom:audio-decoder-ogg-vorbis: bf7c407c2cedff20999df2af8eb42d56 -> 
  custom:audio-encoder-webm-vorbis: bf7c407c2cedff20999df2af8eb42d56 -> 
========================================================================
Received Import Request.
  Time since last request: 75.136707 seconds.
  path: Assets/Resources/my_prefab/my_effect/myEffectBombExplode.prefab
  artifactKey: Guid(5b26590e7f5ad504085fdb9209b793ec) Importer(815301076,1909f56bfc062723c751e8b465ee728b)
Start importing Assets/Resources/my_prefab/my_effect/myEffectBombExplode.prefab using Guid(5b26590e7f5ad504085fdb9209b793ec) Importer(815301076,1909f56bfc062723c751e8b465ee728b)  -> (artifact id: '0aa960d09ccce3c58cb593afc7d784b7') in 0.219231 seconds 
========================================================================
Received Import Request.
  Time since last request: 148.409780 seconds.
  path: Assets/Resources/my_prefab/my_effect/myEffectBombExplode.prefab
  artifactKey: Guid(5b26590e7f5ad504085fdb9209b793ec) Importer(815301076,1909f56bfc062723c751e8b465ee728b)
Start importing Assets/Resources/my_prefab/my_effect/myEffectBombExplode.prefab using Guid(5b26590e7f5ad504085fdb9209b793ec) Importer(815301076,1909f56bfc062723c751e8b465ee728b)  -> (artifact id: '067d6f22598feafb17ba3a87b6cd0f9c') in 0.014181 seconds 
========================================================================
Received Prepare
Registering precompiled user dll's ...
Registered in 0.002446 seconds.
Begin MonoManager ReloadAssembly
Native extension for WindowsStandalone target not found
Refreshing native plugins compatible for Editor in 0.64 ms, found 3 plugins.
Preloading 0 native plugins for Editor in 0.00 ms.
Mono: successfully reloaded assembly
- Completed reload, in  1.095 seconds
Domain Reload Profiling:
	ReloadAssembly (1095ms)
		BeginReloadAssembly (122ms)
			ExecutionOrderSort (0ms)
			DisableScriptedObjects (7ms)
			BackupInstance (0ms)
			ReleaseScriptingObjects (0ms)
			CreateAndSetChildDomain (36ms)
		EndReloadAssembly (912ms)
			LoadAssemblies (97ms)
			RebuildTransferFunctionScriptingTraits (0ms)
			SetupTypeCache (347ms)
			ReleaseScriptCaches (1ms)
			RebuildScriptCaches (56ms)
			SetupLoadedEditorAssemblies (297ms)
				LogAssemblyErrors (0ms)
				InitializePlatformSupportModulesInManaged (3ms)
				SetLoadedEditorAssemblies (0ms)
				RefreshPlugins (1ms)
				BeforeProcessingInitializeOnLoad (84ms)
				ProcessInitializeOnLoadAttributes (186ms)
				ProcessInitializeOnLoadMethodAttributes (15ms)
				AfterProcessingInitializeOnLoad (7ms)
				EditorAssembliesLoaded (0ms)
			ExecutionOrderSort2 (0ms)
			AwakeInstancesAfterBackupRestoration (11ms)
Platform modules already initialized, skipping
Refreshing native plugins compatible for Editor in 0.64 ms, found 3 plugins.
Preloading 0 native plugins for Editor in 0.00 ms.
Unloading 3267 Unused Serialized files (Serialized files now loaded: 0)
System memory in use before: 170.0 MB.
System memory in use after: 170.2 MB.

Unloading 17 unused Assets to reduce memory usage. Loaded Objects now: 3907.
Total: 3.694800 ms (FindLiveObjects: 0.286800 ms CreateObjectMapping: 0.184000 ms MarkObjects: 3.116100 ms  DeleteObjects: 0.107000 ms)

AssetImportParameters requested are different than current active one (requested -> active):
  custom:framework-win-MediaFoundation: 216162199b28c13a410421893ffa2e32 -> 
  custom:video-decoder-ogg-theora: a1e56fd34408186e4bbccfd4996cb3dc -> 
  custom:container-muxer-webm: aa71ff27fc2769a1b78a27578f13a17b -> 
  custom:container-demuxer-webm: 4f35f7cbe854078d1ac9338744f61a02 -> 
  custom:container-demuxer-ogg: 62fdf1f143b41e24485cea50d1cbac27 -> 
  custom:video-encoder-webm-vp8: eb34c28f22e8b96e1ab97ce403110664 -> 
  custom:video-decoder-webm-vp8: 9c59270c3fd7afecdb556c50c9e8de78 -> 
  custom:audio-decoder-ogg-vorbis: bf7c407c2cedff20999df2af8eb42d56 -> 
  custom:audio-encoder-webm-vorbis: bf7c407c2cedff20999df2af8eb42d56 -> 
========================================================================
Received Import Request.
  Time since last request: 122.579787 seconds.
  path: Assets/Resources/my_prefab/my_effect/myEffectBombExplode.prefab
  artifactKey: Guid(5b26590e7f5ad504085fdb9209b793ec) Importer(815301076,1909f56bfc062723c751e8b465ee728b)
Start importing Assets/Resources/my_prefab/my_effect/myEffectBombExplode.prefab using Guid(5b26590e7f5ad504085fdb9209b793ec) Importer(815301076,1909f56bfc062723c751e8b465ee728b)  -> (artifact id: '3b93dfddf47a487cbe5b8c5dd79a9886') in 0.152027 seconds 
========================================================================
Received Prepare
Registering precompiled user dll's ...
Registered in 0.002365 seconds.
Begin MonoManager ReloadAssembly
Native extension for WindowsStandalone target not found
Refreshing native plugins compatible for Editor in 0.58 ms, found 3 plugins.
Preloading 0 native plugins for Editor in 0.00 ms.
Mono: successfully reloaded assembly
- Completed reload, in  0.921 seconds
Domain Reload Profiling:
	ReloadAssembly (921ms)
		BeginReloadAssembly (111ms)
			ExecutionOrderSort (0ms)
			DisableScriptedObjects (7ms)
			BackupInstance (0ms)
			ReleaseScriptingObjects (0ms)
			CreateAndSetChildDomain (37ms)
		EndReloadAssembly (761ms)
			LoadAssemblies (86ms)
			RebuildTransferFunctionScriptingTraits (0ms)
			SetupTypeCache (260ms)
			ReleaseScriptCaches (1ms)
			RebuildScriptCaches (40ms)
			SetupLoadedEditorAssemblies (274ms)
				LogAssemblyErrors (0ms)
				InitializePlatformSupportModulesInManaged (3ms)
				SetLoadedEditorAssemblies (0ms)
				RefreshPlugins (1ms)
				BeforeProcessingInitializeOnLoad (80ms)
				ProcessInitializeOnLoadAttributes (171ms)
				ProcessInitializeOnLoadMethodAttributes (13ms)
				AfterProcessingInitializeOnLoad (6ms)
				EditorAssembliesLoaded (0ms)
			ExecutionOrderSort2 (0ms)
			AwakeInstancesAfterBackupRestoration (10ms)
Platform modules already initialized, skipping
Refreshing native plugins compatible for Editor in 0.59 ms, found 3 plugins.
Preloading 0 native plugins for Editor in 0.00 ms.
Unloading 3267 Unused Serialized files (Serialized files now loaded: 0)
System memory in use before: 170.1 MB.
System memory in use after: 170.3 MB.

Unloading 17 unused Assets to reduce memory usage. Loaded Objects now: 3946.
Total: 3.073200 ms (FindLiveObjects: 0.241200 ms CreateObjectMapping: 0.125000 ms MarkObjects: 2.612100 ms  DeleteObjects: 0.094200 ms)

AssetImportParameters requested are different than current active one (requested -> active):
  custom:framework-win-MediaFoundation: 216162199b28c13a410421893ffa2e32 -> 
  custom:video-decoder-ogg-theora: a1e56fd34408186e4bbccfd4996cb3dc -> 
  custom:container-muxer-webm: aa71ff27fc2769a1b78a27578f13a17b -> 
  custom:container-demuxer-webm: 4f35f7cbe854078d1ac9338744f61a02 -> 
  custom:container-demuxer-ogg: 62fdf1f143b41e24485cea50d1cbac27 -> 
  custom:video-encoder-webm-vp8: eb34c28f22e8b96e1ab97ce403110664 -> 
  custom:video-decoder-webm-vp8: 9c59270c3fd7afecdb556c50c9e8de78 -> 
  custom:audio-decoder-ogg-vorbis: bf7c407c2cedff20999df2af8eb42d56 -> 
  custom:audio-encoder-webm-vorbis: bf7c407c2cedff20999df2af8eb42d56 -> 
========================================================================
Received Prepare
Registering precompiled user dll's ...
Registered in 0.002940 seconds.
Begin MonoManager ReloadAssembly
Native extension for WindowsStandalone target not found
Refreshing native plugins compatible for Editor in 0.59 ms, found 3 plugins.
Preloading 0 native plugins for Editor in 0.00 ms.
Mono: successfully reloaded assembly
- Completed reload, in  0.941 seconds
Domain Reload Profiling:
	ReloadAssembly (942ms)
		BeginReloadAssembly (117ms)
			ExecutionOrderSort (0ms)
			DisableScriptedObjects (8ms)
			BackupInstance (0ms)
			ReleaseScriptingObjects (0ms)
			CreateAndSetChildDomain (32ms)
		EndReloadAssembly (774ms)
			LoadAssemblies (93ms)
			RebuildTransferFunctionScriptingTraits (0ms)
			SetupTypeCache (262ms)
			ReleaseScriptCaches (1ms)
			RebuildScriptCaches (43ms)
			SetupLoadedEditorAssemblies (278ms)
				LogAssemblyErrors (0ms)
				InitializePlatformSupportModulesInManaged (3ms)
				SetLoadedEditorAssemblies (0ms)
				RefreshPlugins (1ms)
				BeforeProcessingInitializeOnLoad (80ms)
				ProcessInitializeOnLoadAttributes (174ms)
				ProcessInitializeOnLoadMethodAttributes (13ms)
				AfterProcessingInitializeOnLoad (6ms)
				EditorAssembliesLoaded (0ms)
			ExecutionOrderSort2 (0ms)
			AwakeInstancesAfterBackupRestoration (10ms)
Platform modules already initialized, skipping
Refreshing native plugins compatible for Editor in 0.59 ms, found 3 plugins.
Preloading 0 native plugins for Editor in 0.00 ms.
Unloading 3267 Unused Serialized files (Serialized files now loaded: 0)
System memory in use before: 170.1 MB.
System memory in use after: 170.3 MB.

Unloading 17 unused Assets to reduce memory usage. Loaded Objects now: 3949.
Total: 3.043800 ms (FindLiveObjects: 0.255000 ms CreateObjectMapping: 0.145600 ms MarkObjects: 2.543500 ms  DeleteObjects: 0.098700 ms)

AssetImportParameters requested are different than current active one (requested -> active):
  custom:framework-win-MediaFoundation: 216162199b28c13a410421893ffa2e32 -> 
  custom:video-decoder-ogg-theora: a1e56fd34408186e4bbccfd4996cb3dc -> 
  custom:container-muxer-webm: aa71ff27fc2769a1b78a27578f13a17b -> 
  custom:container-demuxer-webm: 4f35f7cbe854078d1ac9338744f61a02 -> 
  custom:container-demuxer-ogg: 62fdf1f143b41e24485cea50d1cbac27 -> 
  custom:video-encoder-webm-vp8: eb34c28f22e8b96e1ab97ce403110664 -> 
  custom:video-decoder-webm-vp8: 9c59270c3fd7afecdb556c50c9e8de78 -> 
  custom:audio-decoder-ogg-vorbis: bf7c407c2cedff20999df2af8eb42d56 -> 
  custom:audio-encoder-webm-vorbis: bf7c407c2cedff20999df2af8eb42d56 -> 
========================================================================
Received Import Request.
  Time since last request: 32.792029 seconds.
  path: Assets/Resources/my_prefab/my_effect/myEffectBombExplode.prefab
  artifactKey: Guid(5b26590e7f5ad504085fdb9209b793ec) Importer(815301076,1909f56bfc062723c751e8b465ee728b)
Start importing Assets/Resources/my_prefab/my_effect/myEffectBombExplode.prefab using Guid(5b26590e7f5ad504085fdb9209b793ec) Importer(815301076,1909f56bfc062723c751e8b465ee728b)  -> (artifact id: 'bdf49e1962657b8d79382343e42705c5') in 0.243330 seconds 
========================================================================
Received Prepare
Registering precompiled user dll's ...
Registered in 0.002589 seconds.
Begin MonoManager ReloadAssembly
Native extension for WindowsStandalone target not found
Refreshing native plugins compatible for Editor in 0.59 ms, found 3 plugins.
Preloading 0 native plugins for Editor in 0.00 ms.
Mono: successfully reloaded assembly
- Completed reload, in  0.930 seconds
Domain Reload Profiling:
	ReloadAssembly (930ms)
		BeginReloadAssembly (113ms)
			ExecutionOrderSort (0ms)
			DisableScriptedObjects (7ms)
			BackupInstance (0ms)
			ReleaseScriptingObjects (0ms)
			CreateAndSetChildDomain (39ms)
		EndReloadAssembly (765ms)
			LoadAssemblies (87ms)
			RebuildTransferFunctionScriptingTraits (0ms)
			SetupTypeCache (270ms)
			ReleaseScriptCaches (1ms)
			RebuildScriptCaches (40ms)
			SetupLoadedEditorAssemblies (271ms)
				LogAssemblyErrors (0ms)
				InitializePlatformSupportModulesInManaged (3ms)
				SetLoadedEditorAssemblies (0ms)
				RefreshPlugins (1ms)
				BeforeProcessingInitializeOnLoad (78ms)
				ProcessInitializeOnLoadAttributes (171ms)
				ProcessInitializeOnLoadMethodAttributes (13ms)
				AfterProcessingInitializeOnLoad (6ms)
				EditorAssembliesLoaded (0ms)
			ExecutionOrderSort2 (0ms)
			AwakeInstancesAfterBackupRestoration (10ms)
Platform modules already initialized, skipping
Refreshing native plugins compatible for Editor in 0.58 ms, found 3 plugins.
Preloading 0 native plugins for Editor in 0.00 ms.
Unloading 3267 Unused Serialized files (Serialized files now loaded: 0)
System memory in use before: 170.3 MB.
System memory in use after: 170.5 MB.

Unloading 17 unused Assets to reduce memory usage. Loaded Objects now: 3988.
Total: 3.216600 ms (FindLiveObjects: 0.281200 ms CreateObjectMapping: 0.130600 ms MarkObjects: 2.712700 ms  DeleteObjects: 0.091500 ms)

AssetImportParameters requested are different than current active one (requested -> active):
  custom:framework-win-MediaFoundation: 216162199b28c13a410421893ffa2e32 -> 
  custom:video-decoder-ogg-theora: a1e56fd34408186e4bbccfd4996cb3dc -> 
  custom:container-muxer-webm: aa71ff27fc2769a1b78a27578f13a17b -> 
  custom:container-demuxer-webm: 4f35f7cbe854078d1ac9338744f61a02 -> 
  custom:container-demuxer-ogg: 62fdf1f143b41e24485cea50d1cbac27 -> 
  custom:video-encoder-webm-vp8: eb34c28f22e8b96e1ab97ce403110664 -> 
  custom:video-decoder-webm-vp8: 9c59270c3fd7afecdb556c50c9e8de78 -> 
  custom:audio-decoder-ogg-vorbis: bf7c407c2cedff20999df2af8eb42d56 -> 
  custom:audio-encoder-webm-vorbis: bf7c407c2cedff20999df2af8eb42d56 -> 
========================================================================
Received Import Request.
  Time since last request: 10.537511 seconds.
  path: Assets/Resources/my_prefab/my_effect/myEffectBombExplode.prefab
  artifactKey: Guid(5b26590e7f5ad504085fdb9209b793ec) Importer(815301076,1909f56bfc062723c751e8b465ee728b)
Start importing Assets/Resources/my_prefab/my_effect/myEffectBombExplode.prefab using Guid(5b26590e7f5ad504085fdb9209b793ec) Importer(815301076,1909f56bfc062723c751e8b465ee728b)  -> (artifact id: 'b36510e48e8ae2be18f4ead6bcf13603') in 0.141332 seconds 
========================================================================
Received Import Request.
  Time since last request: 111.982372 seconds.
  path: Assets/MyRenderSettings/MyShader/MyShaderBomb.shadergraph
  artifactKey: Guid(a197a3fd319be174f8fff05051d9d26d) Importer(815301076,1909f56bfc062723c751e8b465ee728b)
Start importing Assets/MyRenderSettings/MyShader/MyShaderBomb.shadergraph using Guid(a197a3fd319be174f8fff05051d9d26d) Importer(815301076,1909f56bfc062723c751e8b465ee728b)  -> (artifact id: 'a4ce7149456d8c3182e2f28079b5120b') in 0.009070 seconds 
========================================================================
Received Prepare
Registering precompiled user dll's ...
Registered in 0.003177 seconds.
Begin MonoManager ReloadAssembly
Native extension for WindowsStandalone target not found
Refreshing native plugins compatible for Editor in 0.59 ms, found 3 plugins.
Preloading 0 native plugins for Editor in 0.00 ms.
Mono: successfully reloaded assembly
- Completed reload, in  1.016 seconds
Domain Reload Profiling:
	ReloadAssembly (1017ms)
		BeginReloadAssembly (115ms)
			ExecutionOrderSort (0ms)
			DisableScriptedObjects (7ms)
			BackupInstance (0ms)
			ReleaseScriptingObjects (0ms)
			CreateAndSetChildDomain (36ms)
		EndReloadAssembly (847ms)
			LoadAssemblies (92ms)
			RebuildTransferFunctionScriptingTraits (0ms)
			SetupTypeCache (326ms)
			ReleaseScriptCaches (1ms)
			RebuildScriptCaches (43ms)
			SetupLoadedEditorAssemblies (286ms)
				LogAssemblyErrors (0ms)
				InitializePlatformSupportModulesInManaged (3ms)
				SetLoadedEditorAssemblies (0ms)
				RefreshPlugins (1ms)
				BeforeProcessingInitializeOnLoad (79ms)
				ProcessInitializeOnLoadAttributes (181ms)
				ProcessInitializeOnLoadMethodAttributes (15ms)
				AfterProcessingInitializeOnLoad (6ms)
				EditorAssembliesLoaded (0ms)
			ExecutionOrderSort2 (0ms)
			AwakeInstancesAfterBackupRestoration (12ms)
Platform modules already initialized, skipping
Refreshing native plugins compatible for Editor in 0.78 ms, found 3 plugins.
Preloading 0 native plugins for Editor in 0.00 ms.
Unloading 3267 Unused Serialized files (Serialized files now loaded: 0)
System memory in use before: 170.4 MB.
System memory in use after: 170.6 MB.

Unloading 17 unused Assets to reduce memory usage. Loaded Objects now: 4027.
Total: 3.845400 ms (FindLiveObjects: 0.328100 ms CreateObjectMapping: 0.221200 ms MarkObjects: 3.197500 ms  DeleteObjects: 0.097800 ms)

AssetImportParameters requested are different than current active one (requested -> active):
  custom:framework-win-MediaFoundation: 216162199b28c13a410421893ffa2e32 -> 
  custom:video-decoder-ogg-theora: a1e56fd34408186e4bbccfd4996cb3dc -> 
  custom:container-muxer-webm: aa71ff27fc2769a1b78a27578f13a17b -> 
  custom:container-demuxer-webm: 4f35f7cbe854078d1ac9338744f61a02 -> 
  custom:container-demuxer-ogg: 62fdf1f143b41e24485cea50d1cbac27 -> 
  custom:video-encoder-webm-vp8: eb34c28f22e8b96e1ab97ce403110664 -> 
  custom:video-decoder-webm-vp8: 9c59270c3fd7afecdb556c50c9e8de78 -> 
  custom:audio-decoder-ogg-vorbis: bf7c407c2cedff20999df2af8eb42d56 -> 
  custom:audio-encoder-webm-vorbis: bf7c407c2cedff20999df2af8eb42d56 -> 
========================================================================
Received Import Request.
  Time since last request: 96.820416 seconds.
  path: Assets/MyRenderSettings/MyShader/MyShaderBomb.shadergraph
  artifactKey: Guid(a197a3fd319be174f8fff05051d9d26d) Importer(815301076,1909f56bfc062723c751e8b465ee728b)
Start importing Assets/MyRenderSettings/MyShader/MyShaderBomb.shadergraph using Guid(a197a3fd319be174f8fff05051d9d26d) Importer(815301076,1909f56bfc062723c751e8b465ee728b)  -> (artifact id: 'b473d3bfea6e90fe5b7ec020b34b1a1f') in 0.021678 seconds 
========================================================================
Received Import Request.
  Time since last request: 70.982088 seconds.
  path: Assets/MyRenderSettings/MyShader/MyShaderBomb.shadergraph
  artifactKey: Guid(a197a3fd319be174f8fff05051d9d26d) Importer(815301076,1909f56bfc062723c751e8b465ee728b)
Start importing Assets/MyRenderSettings/MyShader/MyShaderBomb.shadergraph using Guid(a197a3fd319be174f8fff05051d9d26d) Importer(815301076,1909f56bfc062723c751e8b465ee728b)  -> (artifact id: '7e8fa36d4a015765f3269596aa1eea50') in 0.002126 seconds 
========================================================================
Received Import Request.
  Time since last request: 23.617518 seconds.
  path: Assets/MyRenderSettings/MyShader/MyShaderBomb.shadergraph
  artifactKey: Guid(a197a3fd319be174f8fff05051d9d26d) Importer(815301076,1909f56bfc062723c751e8b465ee728b)
Start importing Assets/MyRenderSettings/MyShader/MyShaderBomb.shadergraph using Guid(a197a3fd319be174f8fff05051d9d26d) Importer(815301076,1909f56bfc062723c751e8b465ee728b)  -> (artifact id: '383c38604ac360dc13cc5fbd733e5d91') in 0.002409 seconds 
========================================================================
Received Import Request.
  Time since last request: 21.360964 seconds.
  path: Assets/MyRenderSettings/MyShader/MyShaderBomb.shadergraph
  artifactKey: Guid(a197a3fd319be174f8fff05051d9d26d) Importer(815301076,1909f56bfc062723c751e8b465ee728b)
Start importing Assets/MyRenderSettings/MyShader/MyShaderBomb.shadergraph using Guid(a197a3fd319be174f8fff05051d9d26d) Importer(815301076,1909f56bfc062723c751e8b465ee728b)  -> (artifact id: '3f6e878591bba0781dbc69438e3db10d') in 0.002255 seconds 
========================================================================
Received Import Request.
  Time since last request: 81.445142 seconds.
  path: Assets/MyRenderSettings/MyShader/MyShaderBombExplode.shadergraph
  artifactKey: Guid(91ac30163c40eee449ca3c8b5c68b2ea) Importer(815301076,1909f56bfc062723c751e8b465ee728b)
Start importing Assets/MyRenderSettings/MyShader/MyShaderBombExplode.shadergraph using Guid(91ac30163c40eee449ca3c8b5c68b2ea) Importer(815301076,1909f56bfc062723c751e8b465ee728b)  -> (artifact id: 'd3b0216c953c0f67e247e968ad10f3c5') in 0.007318 seconds 
========================================================================
Received Import Request.
  Time since last request: 6.650744 seconds.
  path: Assets/MyRenderSettings/MyShader/MyShaderEffectVertical.shadergraph
  artifactKey: Guid(4806598c4861fc34ea8456ff5ea7c42c) Importer(815301076,1909f56bfc062723c751e8b465ee728b)
Start importing Assets/MyRenderSettings/MyShader/MyShaderEffectVertical.shadergraph using Guid(4806598c4861fc34ea8456ff5ea7c42c) Importer(815301076,1909f56bfc062723c751e8b465ee728b)  -> (artifact id: '83d93464cc6709f47f3692f04c45c639') in 0.008272 seconds 
========================================================================
Received Import Request.
  Time since last request: 19.586631 seconds.
  path: Assets/MyRenderSettings/MyShader/MyShaiderRombsEffect.shadergraph
  artifactKey: Guid(0c8667cbdd7f05e47984efbd6239e538) Importer(815301076,1909f56bfc062723c751e8b465ee728b)
Start importing Assets/MyRenderSettings/MyShader/MyShaiderRombsEffect.shadergraph using Guid(0c8667cbdd7f05e47984efbd6239e538) Importer(815301076,1909f56bfc062723c751e8b465ee728b)  -> (artifact id: 'c27eb529d00c1ee946887565bc10366a') in 0.008856 seconds 
========================================================================
Received Import Request.
  Time since last request: 95.912784 seconds.
  path: Assets/MyRenderSettings/MyShader/MyShaderFivePower.shadergraph
  artifactKey: Guid(99cdd19fcc996b34e94d034ade16c2ab) Importer(815301076,1909f56bfc062723c751e8b465ee728b)
Start importing Assets/MyRenderSettings/MyShader/MyShaderFivePower.shadergraph using Guid(99cdd19fcc996b34e94d034ade16c2ab) Importer(815301076,1909f56bfc062723c751e8b465ee728b)  -> (artifact id: 'da1fb06c549e071aba167d10c6f8f5b1') in 0.006944 seconds 
========================================================================
Received Import Request.
  Time since last request: 22.303873 seconds.
  path: Assets/MyRenderSettings/MyShader/MyShaderFivePower.shadergraph
  artifactKey: Guid(99cdd19fcc996b34e94d034ade16c2ab) Importer(815301076,1909f56bfc062723c751e8b465ee728b)
Start importing Assets/MyRenderSettings/MyShader/MyShaderFivePower.shadergraph using Guid(99cdd19fcc996b34e94d034ade16c2ab) Importer(815301076,1909f56bfc062723c751e8b465ee728b)  -> (artifact id: '4cd3bed6cd8eaf7d21c323d9cb65bc2d') in 0.002189 seconds 
========================================================================
Received Import Request.
  Time since last request: 70.303925 seconds.
  path: Assets/MyRenderSettings/MyShader/MyShaiderRombsEffect.shadergraph
  artifactKey: Guid(0c8667cbdd7f05e47984efbd6239e538) Importer(815301076,1909f56bfc062723c751e8b465ee728b)
Start importing Assets/MyRenderSettings/MyShader/MyShaiderRombsEffect.shadergraph using Guid(0c8667cbdd7f05e47984efbd6239e538) Importer(815301076,1909f56bfc062723c751e8b465ee728b)  -> (artifact id: '143c2933bbb4d006eff1eb027053322e') in 0.002284 seconds 
========================================================================
Received Import Request.
  Time since last request: 4.844957 seconds.
  path: Assets/MyRenderSettings/MyMaterial/MyMaterialRombsEffect.mat
  artifactKey: Guid(6962c98f7daf0864080ba5f170298b58) Importer(815301076,1909f56bfc062723c751e8b465ee728b)
Start importing Assets/MyRenderSettings/MyMaterial/MyMaterialRombsEffect.mat using Guid(6962c98f7daf0864080ba5f170298b58) Importer(815301076,1909f56bfc062723c751e8b465ee728b)  -> (artifact id: '3a2d7a77bd6bb591e987138f7d7d64b9') in 0.155818 seconds 
========================================================================
Received Import Request.
  Time since last request: 20.486122 seconds.
  path: Assets/MyRenderSettings/MyMaterial/MyMaterialRombsEffect.mat
  artifactKey: Guid(6962c98f7daf0864080ba5f170298b58) Importer(815301076,1909f56bfc062723c751e8b465ee728b)
Start importing Assets/MyRenderSettings/MyMaterial/MyMaterialRombsEffect.mat using Guid(6962c98f7daf0864080ba5f170298b58) Importer(815301076,1909f56bfc062723c751e8b465ee728b)  -> (artifact id: '973b36ab5db44edbf5026e3c122c5c3c') in 0.012441 seconds 
========================================================================
Received Import Request.
  Time since last request: 139.924451 seconds.
  path: Assets/MyRenderSettings/MyShader/MyShaiderRombsEffect.shadergraph
  artifactKey: Guid(0c8667cbdd7f05e47984efbd6239e538) Importer(815301076,1909f56bfc062723c751e8b465ee728b)
Start importing Assets/MyRenderSettings/MyShader/MyShaiderRombsEffect.shadergraph using Guid(0c8667cbdd7f05e47984efbd6239e538) Importer(815301076,1909f56bfc062723c751e8b465ee728b)  -> (artifact id: 'bb791c9274fced7f2ec84fa4ab7924b4') in 0.002171 seconds 
========================================================================
Received Prepare
Registering precompiled user dll's ...
Registered in 0.002319 seconds.
Begin MonoManager ReloadAssembly
Native extension for WindowsStandalone target not found
Refreshing native plugins compatible for Editor in 0.58 ms, found 3 plugins.
Preloading 0 native plugins for Editor in 0.00 ms.
Mono: successfully reloaded assembly
- Completed reload, in  0.972 seconds
Domain Reload Profiling:
	ReloadAssembly (972ms)
		BeginReloadAssembly (118ms)
			ExecutionOrderSort (0ms)
			DisableScriptedObjects (10ms)
			BackupInstance (0ms)
			ReleaseScriptingObjects (0ms)
			CreateAndSetChildDomain (37ms)
		EndReloadAssembly (796ms)
			LoadAssemblies (87ms)
			RebuildTransferFunctionScriptingTraits (0ms)
			SetupTypeCache (278ms)
			ReleaseScriptCaches (1ms)
			RebuildScriptCaches (40ms)
			SetupLoadedEditorAssemblies (284ms)
				LogAssemblyErrors (0ms)
				InitializePlatformSupportModulesInManaged (3ms)
				SetLoadedEditorAssemblies (0ms)
				RefreshPlugins (1ms)
				BeforeProcessingInitializeOnLoad (79ms)
				ProcessInitializeOnLoadAttributes (180ms)
				ProcessInitializeOnLoadMethodAttributes (14ms)
				AfterProcessingInitializeOnLoad (6ms)
				EditorAssembliesLoaded (0ms)
			ExecutionOrderSort2 (0ms)
			AwakeInstancesAfterBackupRestoration (13ms)
Platform modules already initialized, skipping
Refreshing native plugins compatible for Editor in 0.60 ms, found 3 plugins.
Preloading 0 native plugins for Editor in 0.00 ms.
Unloading 3267 Unused Serialized files (Serialized files now loaded: 0)
System memory in use before: 170.8 MB.
System memory in use after: 170.9 MB.

Unloading 17 unused Assets to reduce memory usage. Loaded Objects now: 4099.
Total: 3.393300 ms (FindLiveObjects: 0.278600 ms CreateObjectMapping: 0.109200 ms MarkObjects: 2.904500 ms  DeleteObjects: 0.100000 ms)

AssetImportParameters requested are different than current active one (requested -> active):
  custom:framework-win-MediaFoundation: 216162199b28c13a410421893ffa2e32 -> 
  custom:video-decoder-ogg-theora: a1e56fd34408186e4bbccfd4996cb3dc -> 
  custom:container-muxer-webm: aa71ff27fc2769a1b78a27578f13a17b -> 
  custom:container-demuxer-webm: 4f35f7cbe854078d1ac9338744f61a02 -> 
  custom:container-demuxer-ogg: 62fdf1f143b41e24485cea50d1cbac27 -> 
  custom:video-encoder-webm-vp8: eb34c28f22e8b96e1ab97ce403110664 -> 
  custom:video-decoder-webm-vp8: 9c59270c3fd7afecdb556c50c9e8de78 -> 
  custom:audio-decoder-ogg-vorbis: bf7c407c2cedff20999df2af8eb42d56 -> 
  custom:audio-encoder-webm-vorbis: bf7c407c2cedff20999df2af8eb42d56 -> 
========================================================================
Received Import Request.
  Time since last request: 42.316710 seconds.
  path: Assets/MyRenderSettings/MyShader/MyShaderRenderLine.shadergraph
  artifactKey: Guid(de6f9ae15e79ff742944138e34e0ddc5) Importer(815301076,1909f56bfc062723c751e8b465ee728b)
Start importing Assets/MyRenderSettings/MyShader/MyShaderRenderLine.shadergraph using Guid(de6f9ae15e79ff742944138e34e0ddc5) Importer(815301076,1909f56bfc062723c751e8b465ee728b)  -> (artifact id: 'e04c3d0ec59740bdd1a427532a00fd2a') in 0.026560 seconds 
========================================================================
Received Prepare
Registering precompiled user dll's ...
Registered in 0.002382 seconds.
Begin MonoManager ReloadAssembly
Native extension for WindowsStandalone target not found
Refreshing native plugins compatible for Editor in 0.67 ms, found 3 plugins.
Preloading 0 native plugins for Editor in 0.00 ms.
Mono: successfully reloaded assembly
- Completed reload, in  0.946 seconds
Domain Reload Profiling:
	ReloadAssembly (947ms)
		BeginReloadAssembly (107ms)
			ExecutionOrderSort (0ms)
			DisableScriptedObjects (7ms)
			BackupInstance (0ms)
			ReleaseScriptingObjects (0ms)
			CreateAndSetChildDomain (32ms)
		EndReloadAssembly (788ms)
			LoadAssemblies (89ms)
			RebuildTransferFunctionScriptingTraits (0ms)
			SetupTypeCache (283ms)
			ReleaseScriptCaches (1ms)
			RebuildScriptCaches (41ms)
			SetupLoadedEditorAssemblies (273ms)
				LogAssemblyErrors (0ms)
				InitializePlatformSupportModulesInManaged (3ms)
				SetLoadedEditorAssemblies (0ms)
				RefreshPlugins (1ms)
				BeforeProcessingInitializeOnLoad (82ms)
				ProcessInitializeOnLoadAttributes (168ms)
				ProcessInitializeOnLoadMethodAttributes (13ms)
				AfterProcessingInitializeOnLoad (6ms)
				EditorAssembliesLoaded (0ms)
			ExecutionOrderSort2 (0ms)
			AwakeInstancesAfterBackupRestoration (12ms)
Platform modules already initialized, skipping
Refreshing native plugins compatible for Editor in 0.62 ms, found 3 plugins.
Preloading 0 native plugins for Editor in 0.00 ms.
Unloading 3267 Unused Serialized files (Serialized files now loaded: 0)
System memory in use before: 170.8 MB.
System memory in use after: 170.9 MB.

Unloading 17 unused Assets to reduce memory usage. Loaded Objects now: 4102.
Total: 3.794300 ms (FindLiveObjects: 0.426300 ms CreateObjectMapping: 0.268300 ms MarkObjects: 2.997200 ms  DeleteObjects: 0.101600 ms)

AssetImportParameters requested are different than current active one (requested -> active):
  custom:framework-win-MediaFoundation: 216162199b28c13a410421893ffa2e32 -> 
  custom:video-decoder-ogg-theora: a1e56fd34408186e4bbccfd4996cb3dc -> 
  custom:container-muxer-webm: aa71ff27fc2769a1b78a27578f13a17b -> 
  custom:container-demuxer-webm: 4f35f7cbe854078d1ac9338744f61a02 -> 
  custom:container-demuxer-ogg: 62fdf1f143b41e24485cea50d1cbac27 -> 
  custom:video-encoder-webm-vp8: eb34c28f22e8b96e1ab97ce403110664 -> 
  custom:video-decoder-webm-vp8: 9c59270c3fd7afecdb556c50c9e8de78 -> 
  custom:audio-decoder-ogg-vorbis: bf7c407c2cedff20999df2af8eb42d56 -> 
  custom:audio-encoder-webm-vorbis: bf7c407c2cedff20999df2af8eb42d56 -> 
========================================================================
Received Import Request.
  Time since last request: 131.947955 seconds.
  path: Assets/MyRenderSettings/MyShader/MyShaderRenderLine.shadergraph
  artifactKey: Guid(de6f9ae15e79ff742944138e34e0ddc5) Importer(815301076,1909f56bfc062723c751e8b465ee728b)
Start importing Assets/MyRenderSettings/MyShader/MyShaderRenderLine.shadergraph using Guid(de6f9ae15e79ff742944138e34e0ddc5) Importer(815301076,1909f56bfc062723c751e8b465ee728b)  -> (artifact id: 'f17773a911c503b7e2e6f2f0ce097eb6') in 0.020983 seconds 
========================================================================
Received Import Request.
  Time since last request: 19.855492 seconds.
  path: Assets/MyRenderSettings/MyMaterial/MyMaterialFivePower.mat
  artifactKey: Guid(6974e149d143eca46a2ba4de95e82063) Importer(815301076,1909f56bfc062723c751e8b465ee728b)
Start importing Assets/MyRenderSettings/MyMaterial/MyMaterialFivePower.mat using Guid(6974e149d143eca46a2ba4de95e82063) Importer(815301076,1909f56bfc062723c751e8b465ee728b)  -> (artifact id: '9815936441c4d22d70090cc168ebc565') in 0.127323 seconds 
========================================================================
Received Import Request.
  Time since last request: 3.213290 seconds.
  path: Assets/MyRenderSettings/MyMaterial/MyMaterialBomb.mat
  artifactKey: Guid(3ad09885c8db73b46a0a4ff27344ba3e) Importer(815301076,1909f56bfc062723c751e8b465ee728b)
Start importing Assets/MyRenderSettings/MyMaterial/MyMaterialBomb.mat using Guid(3ad09885c8db73b46a0a4ff27344ba3e) Importer(815301076,1909f56bfc062723c751e8b465ee728b)  -> (artifact id: '82d3729934c156168211ad0efb041ade') in 0.022747 seconds 
========================================================================
Received Import Request.
  Time since last request: 78.789200 seconds.
  path: Assets/Resources/my_prefab/my_effect/myEffectFivePower.prefab
  artifactKey: Guid(f4d66199b8b775740822914f4745e8dc) Importer(815301076,1909f56bfc062723c751e8b465ee728b)
Start importing Assets/Resources/my_prefab/my_effect/myEffectFivePower.prefab using Guid(f4d66199b8b775740822914f4745e8dc) Importer(815301076,1909f56bfc062723c751e8b465ee728b)  -> (artifact id: '7ff96e59e4ad035cf8f6facbc0130a97') in 0.025601 seconds 
========================================================================
Received Import Request.
  Time since last request: 73.724484 seconds.
  path: Assets/MyRenderSettings/MyShader/MyShaderLinePower.shadergraph
  artifactKey: Guid(459c19933e2cd2e43860019b931f7ea8) Importer(815301076,1909f56bfc062723c751e8b465ee728b)
Start importing Assets/MyRenderSettings/MyShader/MyShaderLinePower.shadergraph using Guid(459c19933e2cd2e43860019b931f7ea8) Importer(815301076,1909f56bfc062723c751e8b465ee728b)  -> (artifact id: '6ff3b7b669f83f9a03963bdcccb03c9b') in 0.008917 seconds 
========================================================================
Received Import Request.
  Time since last request: 39.896652 seconds.
  path: Assets/MyRenderSettings/MyShader/MyShaderLinePower.shadergraph
  artifactKey: Guid(459c19933e2cd2e43860019b931f7ea8) Importer(815301076,1909f56bfc062723c751e8b465ee728b)
Start importing Assets/MyRenderSettings/MyShader/MyShaderLinePower.shadergraph using Guid(459c19933e2cd2e43860019b931f7ea8) Importer(815301076,1909f56bfc062723c751e8b465ee728b)  -> (artifact id: '21097ebd4fa7b1d52ffb58a3bf6dad6a') in 0.001971 seconds 
========================================================================
Received Import Request.
  Time since last request: 41.195154 seconds.
  path: Assets/MyRenderSettings/MyShader/MyShaderLinePower.shadergraph
  artifactKey: Guid(459c19933e2cd2e43860019b931f7ea8) Importer(815301076,1909f56bfc062723c751e8b465ee728b)
Start importing Assets/MyRenderSettings/MyShader/MyShaderLinePower.shadergraph using Guid(459c19933e2cd2e43860019b931f7ea8) Importer(815301076,1909f56bfc062723c751e8b465ee728b)  -> (artifact id: '88945f34aeec76d27d2699450cefd4e0') in 0.002003 seconds 
========================================================================
Received Import Request.
  Time since last request: 32.051617 seconds.
  path: Assets/MyRenderSettings/MyShader/MyShaderLinePower.shadergraph
  artifactKey: Guid(459c19933e2cd2e43860019b931f7ea8) Importer(815301076,1909f56bfc062723c751e8b465ee728b)
Start importing Assets/MyRenderSettings/MyShader/MyShaderLinePower.shadergraph using Guid(459c19933e2cd2e43860019b931f7ea8) Importer(815301076,1909f56bfc062723c751e8b465ee728b)  -> (artifact id: '18f3762bd36d0054137e810bca8a195f') in 0.001979 seconds 
========================================================================
Received Import Request.
  Time since last request: 16.992012 seconds.
  path: Assets/MyRenderSettings/MyShader/MyShaderLinePower.shadergraph
  artifactKey: Guid(459c19933e2cd2e43860019b931f7ea8) Importer(815301076,1909f56bfc062723c751e8b465ee728b)
Start importing Assets/MyRenderSettings/MyShader/MyShaderLinePower.shadergraph using Guid(459c19933e2cd2e43860019b931f7ea8) Importer(815301076,1909f56bfc062723c751e8b465ee728b)  -> (artifact id: '130d8bcd5df04bd675c822adde8f3651') in 0.002326 seconds 
========================================================================
Received Import Request.
  Time since last request: 19.235546 seconds.
  path: Assets/MyRenderSettings/MyShader/MyShaderLinePower.shadergraph
  artifactKey: Guid(459c19933e2cd2e43860019b931f7ea8) Importer(815301076,1909f56bfc062723c751e8b465ee728b)
Start importing Assets/MyRenderSettings/MyShader/MyShaderLinePower.shadergraph using Guid(459c19933e2cd2e43860019b931f7ea8) Importer(815301076,1909f56bfc062723c751e8b465ee728b)  -> (artifact id: 'c87d0ce9426af6f99961f7634e6e7a01') in 0.001889 seconds 
========================================================================
Received Import Request.
  Time since last request: 22.861962 seconds.
  path: Assets/MyRenderSettings/MyShader/MyShaderLinePower.shadergraph
  artifactKey: Guid(459c19933e2cd2e43860019b931f7ea8) Importer(815301076,1909f56bfc062723c751e8b465ee728b)
Start importing Assets/MyRenderSettings/MyShader/MyShaderLinePower.shadergraph using Guid(459c19933e2cd2e43860019b931f7ea8) Importer(815301076,1909f56bfc062723c751e8b465ee728b)  -> (artifact id: '5da18c9e5ee0c73121325045b1905aae') in 0.001910 seconds 
========================================================================
Received Import Request.
  Time since last request: 10.545782 seconds.
  path: Assets/MyRenderSettings/MyShader/MyShaderLinePower.shadergraph
  artifactKey: Guid(459c19933e2cd2e43860019b931f7ea8) Importer(815301076,1909f56bfc062723c751e8b465ee728b)
Start importing Assets/MyRenderSettings/MyShader/MyShaderLinePower.shadergraph using Guid(459c19933e2cd2e43860019b931f7ea8) Importer(815301076,1909f56bfc062723c751e8b465ee728b)  -> (artifact id: 'fbeefb65a25903e06e9f3e6c42afeea5') in 0.002183 seconds 
========================================================================
Received Import Request.
  Time since last request: 43.416300 seconds.
  path: Assets/MyRenderSettings/MyShader/MyShaderLinePower.shadergraph
  artifactKey: Guid(459c19933e2cd2e43860019b931f7ea8) Importer(815301076,1909f56bfc062723c751e8b465ee728b)
Start importing Assets/MyRenderSettings/MyShader/MyShaderLinePower.shadergraph using Guid(459c19933e2cd2e43860019b931f7ea8) Importer(815301076,1909f56bfc062723c751e8b465ee728b)  -> (artifact id: 'ef6fbebd6b90d72da4012b6bebca2ab5') in 0.002773 seconds 
========================================================================
Received Import Request.
  Time since last request: 39.475823 seconds.
  path: Assets/MyRenderSettings/MyShader/MyShaderLinePower.shadergraph
  artifactKey: Guid(459c19933e2cd2e43860019b931f7ea8) Importer(815301076,1909f56bfc062723c751e8b465ee728b)
Start importing Assets/MyRenderSettings/MyShader/MyShaderLinePower.shadergraph using Guid(459c19933e2cd2e43860019b931f7ea8) Importer(815301076,1909f56bfc062723c751e8b465ee728b)  -> (artifact id: 'b50c72472e3c99581012c1e6dcbbded7') in 0.001982 seconds 
========================================================================
Received Import Request.
  Time since last request: 18.178163 seconds.
  path: Assets/MyRenderSettings/MyShader/MyShaderLinePower.shadergraph
  artifactKey: Guid(459c19933e2cd2e43860019b931f7ea8) Importer(815301076,1909f56bfc062723c751e8b465ee728b)
Start importing Assets/MyRenderSettings/MyShader/MyShaderLinePower.shadergraph using Guid(459c19933e2cd2e43860019b931f7ea8) Importer(815301076,1909f56bfc062723c751e8b465ee728b)  -> (artifact id: '26c10af49bca9f02af46b576155ea9ae') in 0.002059 seconds 
========================================================================
Received Import Request.
  Time since last request: 14.706067 seconds.
  path: Assets/MyRenderSettings/MyShader/MyShaderLinePower.shadergraph
  artifactKey: Guid(459c19933e2cd2e43860019b931f7ea8) Importer(815301076,1909f56bfc062723c751e8b465ee728b)
Start importing Assets/MyRenderSettings/MyShader/MyShaderLinePower.shadergraph using Guid(459c19933e2cd2e43860019b931f7ea8) Importer(815301076,1909f56bfc062723c751e8b465ee728b)  -> (artifact id: '699def3be4e53b55fb3d59d3f0bc634d') in 0.002096 seconds 
========================================================================
Received Import Request.
  Time since last request: 20.860811 seconds.
  path: Assets/MyRenderSettings/MyShader/MyShaderLinePower.shadergraph
  artifactKey: Guid(459c19933e2cd2e43860019b931f7ea8) Importer(815301076,1909f56bfc062723c751e8b465ee728b)
Start importing Assets/MyRenderSettings/MyShader/MyShaderLinePower.shadergraph using Guid(459c19933e2cd2e43860019b931f7ea8) Importer(815301076,1909f56bfc062723c751e8b465ee728b)  -> (artifact id: '801518576891881c7f4765e42735ba3a') in 0.002124 seconds 
========================================================================
Received Import Request.
  Time since last request: 42.858749 seconds.
  path: Assets/MyRenderSettings/MyShader/MyShaderLinePower.shadergraph
  artifactKey: Guid(459c19933e2cd2e43860019b931f7ea8) Importer(815301076,1909f56bfc062723c751e8b465ee728b)
Start importing Assets/MyRenderSettings/MyShader/MyShaderLinePower.shadergraph using Guid(459c19933e2cd2e43860019b931f7ea8) Importer(815301076,1909f56bfc062723c751e8b465ee728b)  -> (artifact id: '3e20b1f8c66e99057e6ef811966315e4') in 0.001987 seconds 
========================================================================
Received Import Request.
  Time since last request: 31.577766 seconds.
  path: Assets/MyRenderSettings/MyShader/MyShaderLinePower.shadergraph
  artifactKey: Guid(459c19933e2cd2e43860019b931f7ea8) Importer(815301076,1909f56bfc062723c751e8b465ee728b)
Start importing Assets/MyRenderSettings/MyShader/MyShaderLinePower.shadergraph using Guid(459c19933e2cd2e43860019b931f7ea8) Importer(815301076,1909f56bfc062723c751e8b465ee728b)  -> (artifact id: '4590ecf84f367b83f794719a4fc094b7') in 0.001914 seconds 
========================================================================
Received Prepare
Registering precompiled user dll's ...
Registered in 0.002328 seconds.
Begin MonoManager ReloadAssembly
Native extension for WindowsStandalone target not found
Refreshing native plugins compatible for Editor in 0.59 ms, found 3 plugins.
Preloading 0 native plugins for Editor in 0.00 ms.
Mono: successfully reloaded assembly
- Completed reload, in  0.923 seconds
Domain Reload Profiling:
	ReloadAssembly (924ms)
		BeginReloadAssembly (107ms)
			ExecutionOrderSort (0ms)
			DisableScriptedObjects (7ms)
			BackupInstance (0ms)
			ReleaseScriptingObjects (0ms)
			CreateAndSetChildDomain (33ms)
		EndReloadAssembly (761ms)
			LoadAssemblies (85ms)
			RebuildTransferFunctionScriptingTraits (0ms)
			SetupTypeCache (262ms)
			ReleaseScriptCaches (1ms)
			RebuildScriptCaches (40ms)
			SetupLoadedEditorAssemblies (271ms)
				LogAssemblyErrors (0ms)
				InitializePlatformSupportModulesInManaged (3ms)
				SetLoadedEditorAssemblies (0ms)
				RefreshPlugins (1ms)
				BeforeProcessingInitializeOnLoad (79ms)
				ProcessInitializeOnLoadAttributes (169ms)
				ProcessInitializeOnLoadMethodAttributes (13ms)
				AfterProcessingInitializeOnLoad (6ms)
				EditorAssembliesLoaded (0ms)
			ExecutionOrderSort2 (0ms)
			AwakeInstancesAfterBackupRestoration (13ms)
Platform modules already initialized, skipping
Refreshing native plugins compatible for Editor in 0.59 ms, found 3 plugins.
Preloading 0 native plugins for Editor in 0.00 ms.
Unloading 3267 Unused Serialized files (Serialized files now loaded: 0)
System memory in use before: 171.0 MB.
System memory in use after: 171.2 MB.

Unloading 17 unused Assets to reduce memory usage. Loaded Objects now: 4141.
Total: 3.326000 ms (FindLiveObjects: 0.295800 ms CreateObjectMapping: 0.171800 ms MarkObjects: 2.755600 ms  DeleteObjects: 0.102100 ms)

AssetImportParameters requested are different than current active one (requested -> active):
  custom:framework-win-MediaFoundation: 216162199b28c13a410421893ffa2e32 -> 
  custom:video-decoder-ogg-theora: a1e56fd34408186e4bbccfd4996cb3dc -> 
  custom:container-muxer-webm: aa71ff27fc2769a1b78a27578f13a17b -> 
  custom:container-demuxer-webm: 4f35f7cbe854078d1ac9338744f61a02 -> 
  custom:container-demuxer-ogg: 62fdf1f143b41e24485cea50d1cbac27 -> 
  custom:video-encoder-webm-vp8: eb34c28f22e8b96e1ab97ce403110664 -> 
  custom:video-decoder-webm-vp8: 9c59270c3fd7afecdb556c50c9e8de78 -> 
  custom:audio-decoder-ogg-vorbis: bf7c407c2cedff20999df2af8eb42d56 -> 
  custom:audio-encoder-webm-vorbis: bf7c407c2cedff20999df2af8eb42d56 -> 
AssetImportWorkerClient::OnTransportError - code=2 error=End of file
