Using pre-set license
Built from '2020.3/staging' branch; Version is '2020.3.41f1 (7c19dc9acfda) revision 8133084'; Using compiler version '192528614'; Build Type 'Release'
OS: 'Windows 10  (10.0.19045) 64bit Core' Language: 'ru' Physical Memory: 16327 MB
BatchMode: 1, IsHumanControllingUs: 0, StartBugReporterOnCrash: 0, Is64bit: 1, IsPro: 0

COMMAND LINE ARGUMENTS:
C:\Program Files\Unity\Hub\Editor\2020.3.41f1\Editor\Unity.exe
-adb2
-batchMode
-noUpm
-name
AssetImportWorker0
-projectPath
E:/my_unity_project/MyThreeInARow
-logFile
Logs/AssetImportWorker0.log
-srvPort
50547
Successfully changed project path to: E:/my_unity_project/MyThreeInARow
E:/my_unity_project/MyThreeInARow
Using Asset Import Pipeline V2.
Refreshing native plugins compatible for Editor in 47.01 ms, found 3 plugins.
Preloading 0 native plugins for Editor in 0.00 ms.
Initialize engine version: 2020.3.41f1 (7c19dc9acfda)
[Subsystems] Discovering subsystems at path C:/Program Files/Unity/Hub/Editor/2020.3.41f1/Editor/Data/Resources/UnitySubsystems
[Subsystems] Discovering subsystems at path E:/my_unity_project/MyThreeInARow/Assets
GfxDevice: creating device client; threaded=0
Direct3D:
    Version:  Direct3D 11.0 [level 11.1]
    Renderer: NVIDIA GeForce GTX 1080 (ID=0x1b80)
    Vendor:   
    VRAM:     8073 MB
    Driver:   31.0.15.4601
Initialize mono
Mono path[0] = 'C:/Program Files/Unity/Hub/Editor/2020.3.41f1/Editor/Data/Managed'
Mono path[1] = 'C:/Program Files/Unity/Hub/Editor/2020.3.41f1/Editor/Data/MonoBleedingEdge/lib/mono/unityjit'
Mono config path = 'C:/Program Files/Unity/Hub/Editor/2020.3.41f1/Editor/Data/MonoBleedingEdge/etc'
Using monoOptions --debugger-agent=transport=dt_socket,embedding=1,server=y,suspend=n,address=127.0.0.1:56788
Begin MonoManager ReloadAssembly
Registering precompiled unity dll's ...
Register platform support module: C:/Program Files/Unity/Hub/Editor/2020.3.41f1/Editor/Data/PlaybackEngines/WindowsStandaloneSupport/UnityEditor.WindowsStandalone.Extensions.dll
Registered in 0.001823 seconds.
Native extension for WindowsStandalone target not found
Refreshing native plugins compatible for Editor in 46.88 ms, found 3 plugins.
Preloading 0 native plugins for Editor in 0.00 ms.
Mono: successfully reloaded assembly
- Completed reload, in  0.512 seconds
Domain Reload Profiling:
	ReloadAssembly (512ms)
		BeginReloadAssembly (55ms)
			ExecutionOrderSort (0ms)
			DisableScriptedObjects (0ms)
			BackupInstance (0ms)
			ReleaseScriptingObjects (0ms)
			CreateAndSetChildDomain (1ms)
		EndReloadAssembly (397ms)
			LoadAssemblies (54ms)
			RebuildTransferFunctionScriptingTraits (0ms)
			SetupTypeCache (124ms)
			ReleaseScriptCaches (0ms)
			RebuildScriptCaches (26ms)
			SetupLoadedEditorAssemblies (152ms)
				LogAssemblyErrors (0ms)
				InitializePlatformSupportModulesInManaged (3ms)
				SetLoadedEditorAssemblies (0ms)
				RefreshPlugins (47ms)
				BeforeProcessingInitializeOnLoad (13ms)
				ProcessInitializeOnLoadAttributes (66ms)
				ProcessInitializeOnLoadMethodAttributes (22ms)
				AfterProcessingInitializeOnLoad (0ms)
				EditorAssembliesLoaded (0ms)
			ExecutionOrderSort2 (0ms)
			AwakeInstancesAfterBackupRestoration (0ms)
Platform modules already initialized, skipping
Registering precompiled user dll's ...
Registered in 0.002336 seconds.
Begin MonoManager ReloadAssembly
Native extension for WindowsStandalone target not found
Refreshing native plugins compatible for Editor in 47.70 ms, found 3 plugins.
Preloading 0 native plugins for Editor in 0.00 ms.
Mono: successfully reloaded assembly
- Completed reload, in  0.992 seconds
Domain Reload Profiling:
	ReloadAssembly (993ms)
		BeginReloadAssembly (132ms)
			ExecutionOrderSort (0ms)
			DisableScriptedObjects (4ms)
			BackupInstance (0ms)
			ReleaseScriptingObjects (0ms)
			CreateAndSetChildDomain (17ms)
		EndReloadAssembly (809ms)
			LoadAssemblies (92ms)
			RebuildTransferFunctionScriptingTraits (0ms)
			SetupTypeCache (271ms)
			ReleaseScriptCaches (1ms)
			RebuildScriptCaches (44ms)
			SetupLoadedEditorAssemblies (314ms)
				LogAssemblyErrors (0ms)
				InitializePlatformSupportModulesInManaged (3ms)
				SetLoadedEditorAssemblies (0ms)
				RefreshPlugins (48ms)
				BeforeProcessingInitializeOnLoad (79ms)
				ProcessInitializeOnLoadAttributes (161ms)
				ProcessInitializeOnLoadMethodAttributes (18ms)
				AfterProcessingInitializeOnLoad (6ms)
				EditorAssembliesLoaded (0ms)
			ExecutionOrderSort2 (0ms)
			AwakeInstancesAfterBackupRestoration (2ms)
Platform modules already initialized, skipping
========================================================================
Worker process is ready to serve import requests
Launched and connected shader compiler UnityShaderCompiler.exe after 0.03 seconds
Refreshing native plugins compatible for Editor in 0.57 ms, found 3 plugins.
Preloading 0 native plugins for Editor in 0.00 ms.
Unloading 3030 Unused Serialized files (Serialized files now loaded: 0)
System memory in use before: 140.2 MB.
System memory in use after: 140.2 MB.

Unloading 31 unused Assets to reduce memory usage. Loaded Objects now: 3489.
Total: 3.040200 ms (FindLiveObjects: 0.245500 ms CreateObjectMapping: 0.134300 ms MarkObjects: 2.518800 ms  DeleteObjects: 0.140900 ms)

AssetImportParameters requested are different than current active one (requested -> active):
  custom:framework-win-MediaFoundation: 216162199b28c13a410421893ffa2e32 -> 
  custom:video-decoder-ogg-theora: a1e56fd34408186e4bbccfd4996cb3dc -> 
  custom:container-muxer-webm: aa71ff27fc2769a1b78a27578f13a17b -> 
  custom:container-demuxer-webm: 4f35f7cbe854078d1ac9338744f61a02 -> 
  custom:container-demuxer-ogg: 62fdf1f143b41e24485cea50d1cbac27 -> 
  custom:video-encoder-webm-vp8: eb34c28f22e8b96e1ab97ce403110664 -> 
  custom:video-decoder-webm-vp8: 9c59270c3fd7afecdb556c50c9e8de78 -> 
  custom:audio-decoder-ogg-vorbis: bf7c407c2cedff20999df2af8eb42d56 -> 
  custom:audio-encoder-webm-vorbis: bf7c407c2cedff20999df2af8eb42d56 -> 
========================================================================
Received Import Request.
  path: Assets/Resources/my_animate/New Animation.anim
  artifactKey: Guid(b8a9fa8536217c9468771067bff833e2) Importer(815301076,1909f56bfc062723c751e8b465ee728b)
Start importing Assets/Resources/my_animate/New Animation.anim using Guid(b8a9fa8536217c9468771067bff833e2) Importer(815301076,1909f56bfc062723c751e8b465ee728b)  -> (artifact id: 'e5d16b1ce1f7b499d0fd616e8466db56') in 0.040664 seconds 
========================================================================
Received Import Request.
  Time since last request: 2.051319 seconds.
  path: Assets/Resources/my_animate/my_four_lightning.anim
  artifactKey: Guid(bf7b0436c7ce2c647abee313470e916e) Importer(815301076,1909f56bfc062723c751e8b465ee728b)
Start importing Assets/Resources/my_animate/my_four_lightning.anim using Guid(bf7b0436c7ce2c647abee313470e916e) Importer(815301076,1909f56bfc062723c751e8b465ee728b)  -> (artifact id: '29b99ae0d7849a06528a8952f668165c') in 0.002240 seconds 
========================================================================
Received Import Request.
  Time since last request: 384.821558 seconds.
  path: Assets/Resources/my_animate/test.anim
  artifactKey: Guid(d8cef89bcf3eb5c4497c96f40fc36f5f) Importer(815301076,1909f56bfc062723c751e8b465ee728b)
Start importing Assets/Resources/my_animate/test.anim using Guid(d8cef89bcf3eb5c4497c96f40fc36f5f) Importer(815301076,1909f56bfc062723c751e8b465ee728b)  -> (artifact id: '4cfff28e4ce69b3a1f52f626433631bc') in 0.007575 seconds 
========================================================================
Received Prepare
Registering precompiled user dll's ...
Registered in 0.002259 seconds.
Begin MonoManager ReloadAssembly
Native extension for WindowsStandalone target not found
Refreshing native plugins compatible for Editor in 0.54 ms, found 3 plugins.
Preloading 0 native plugins for Editor in 0.00 ms.
Mono: successfully reloaded assembly
- Completed reload, in  0.905 seconds
Domain Reload Profiling:
	ReloadAssembly (906ms)
		BeginReloadAssembly (108ms)
			ExecutionOrderSort (0ms)
			DisableScriptedObjects (6ms)
			BackupInstance (0ms)
			ReleaseScriptingObjects (0ms)
			CreateAndSetChildDomain (33ms)
		EndReloadAssembly (747ms)
			LoadAssemblies (83ms)
			RebuildTransferFunctionScriptingTraits (0ms)
			SetupTypeCache (278ms)
			ReleaseScriptCaches (1ms)
			RebuildScriptCaches (42ms)
			SetupLoadedEditorAssemblies (278ms)
				LogAssemblyErrors (0ms)
				InitializePlatformSupportModulesInManaged (4ms)
				SetLoadedEditorAssemblies (0ms)
				RefreshPlugins (1ms)
				BeforeProcessingInitializeOnLoad (79ms)
				ProcessInitializeOnLoadAttributes (174ms)
				ProcessInitializeOnLoadMethodAttributes (13ms)
				AfterProcessingInitializeOnLoad (6ms)
				EditorAssembliesLoaded (0ms)
			ExecutionOrderSort2 (0ms)
			AwakeInstancesAfterBackupRestoration (3ms)
Platform modules already initialized, skipping
Refreshing native plugins compatible for Editor in 0.56 ms, found 3 plugins.
Preloading 0 native plugins for Editor in 0.00 ms.
Unloading 3019 Unused Serialized files (Serialized files now loaded: 0)
System memory in use before: 139.6 MB.
System memory in use after: 139.7 MB.

Unloading 21 unused Assets to reduce memory usage. Loaded Objects now: 3493.
Total: 3.150000 ms (FindLiveObjects: 0.224300 ms CreateObjectMapping: 0.173600 ms MarkObjects: 2.621300 ms  DeleteObjects: 0.129800 ms)

AssetImportParameters requested are different than current active one (requested -> active):
  custom:framework-win-MediaFoundation: 216162199b28c13a410421893ffa2e32 -> 
  custom:video-decoder-ogg-theora: a1e56fd34408186e4bbccfd4996cb3dc -> 
  custom:container-muxer-webm: aa71ff27fc2769a1b78a27578f13a17b -> 
  custom:container-demuxer-webm: 4f35f7cbe854078d1ac9338744f61a02 -> 
  custom:container-demuxer-ogg: 62fdf1f143b41e24485cea50d1cbac27 -> 
  custom:video-encoder-webm-vp8: eb34c28f22e8b96e1ab97ce403110664 -> 
  custom:video-decoder-webm-vp8: 9c59270c3fd7afecdb556c50c9e8de78 -> 
  custom:audio-decoder-ogg-vorbis: bf7c407c2cedff20999df2af8eb42d56 -> 
  custom:audio-encoder-webm-vorbis: bf7c407c2cedff20999df2af8eb42d56 -> 
========================================================================
Received Import Request.
  Time since last request: 669.375025 seconds.
  path: Assets/Samples/2D Animation/5.2.4/Samples
  artifactKey: Guid(3902b384d0f1ae54c8d0580db0df4049) Importer(815301076,1909f56bfc062723c751e8b465ee728b)
Start importing Assets/Samples/2D Animation/5.2.4/Samples using Guid(3902b384d0f1ae54c8d0580db0df4049) Importer(815301076,1909f56bfc062723c751e8b465ee728b)  -> (artifact id: 'e706e80c54c4a664c6cd2a6e301e9d3a') in 0.013960 seconds 
========================================================================
Received Import Request.
  Time since last request: 144.405392 seconds.
  path: Assets/Samples/2D Animation/5.2.4/Samples/1 Simple/Animation/Animators/Root.controller
  artifactKey: Guid(90e03b4bd842943b9b34bedb20ffd417) Importer(815301076,1909f56bfc062723c751e8b465ee728b)
Start importing Assets/Samples/2D Animation/5.2.4/Samples/1 Simple/Animation/Animators/Root.controller using Guid(90e03b4bd842943b9b34bedb20ffd417) Importer(815301076,1909f56bfc062723c751e8b465ee728b)  -> (artifact id: '3181fd935c3c44d28064c25bb0d5ad61') in 0.020145 seconds 
========================================================================
Received Import Request.
  Time since last request: 27.486436 seconds.
  path: Assets/Resources/my_scene/my_scene.unity
  artifactKey: Guid(2cda990e2423bbf4892e6590ba056729) Importer(815301076,1909f56bfc062723c751e8b465ee728b)
Start importing Assets/Resources/my_scene/my_scene.unity using Guid(2cda990e2423bbf4892e6590ba056729) Importer(815301076,1909f56bfc062723c751e8b465ee728b)  -> (artifact id: 'ee7f02037d82d409f7fa6a0811b0652a') in 0.008944 seconds 
========================================================================
Received Prepare
Registering precompiled user dll's ...
Registered in 0.002225 seconds.
Begin MonoManager ReloadAssembly
Native extension for WindowsStandalone target not found
Refreshing native plugins compatible for Editor in 0.52 ms, found 3 plugins.
Preloading 0 native plugins for Editor in 0.00 ms.
Mono: successfully reloaded assembly
- Completed reload, in  0.883 seconds
Domain Reload Profiling:
	ReloadAssembly (883ms)
		BeginReloadAssembly (104ms)
			ExecutionOrderSort (0ms)
			DisableScriptedObjects (5ms)
			BackupInstance (0ms)
			ReleaseScriptingObjects (0ms)
			CreateAndSetChildDomain (33ms)
		EndReloadAssembly (730ms)
			LoadAssemblies (82ms)
			RebuildTransferFunctionScriptingTraits (0ms)
			SetupTypeCache (264ms)
			ReleaseScriptCaches (1ms)
			RebuildScriptCaches (43ms)
			SetupLoadedEditorAssemblies (278ms)
				LogAssemblyErrors (0ms)
				InitializePlatformSupportModulesInManaged (4ms)
				SetLoadedEditorAssemblies (0ms)
				RefreshPlugins (1ms)
				BeforeProcessingInitializeOnLoad (80ms)
				ProcessInitializeOnLoadAttributes (175ms)
				ProcessInitializeOnLoadMethodAttributes (13ms)
				AfterProcessingInitializeOnLoad (6ms)
				EditorAssembliesLoaded (0ms)
			ExecutionOrderSort2 (0ms)
			AwakeInstancesAfterBackupRestoration (2ms)
Platform modules already initialized, skipping
Refreshing native plugins compatible for Editor in 0.53 ms, found 3 plugins.
Preloading 0 native plugins for Editor in 0.00 ms.
Unloading 3020 Unused Serialized files (Serialized files now loaded: 0)
System memory in use before: 139.6 MB.
System memory in use after: 139.7 MB.

Unloading 21 unused Assets to reduce memory usage. Loaded Objects now: 3497.
Total: 3.172000 ms (FindLiveObjects: 0.236600 ms CreateObjectMapping: 0.121500 ms MarkObjects: 2.673200 ms  DeleteObjects: 0.140200 ms)

AssetImportParameters requested are different than current active one (requested -> active):
  custom:framework-win-MediaFoundation: 216162199b28c13a410421893ffa2e32 -> 
  custom:video-decoder-ogg-theora: a1e56fd34408186e4bbccfd4996cb3dc -> 
  custom:container-muxer-webm: aa71ff27fc2769a1b78a27578f13a17b -> 
  custom:container-demuxer-webm: 4f35f7cbe854078d1ac9338744f61a02 -> 
  custom:container-demuxer-ogg: 62fdf1f143b41e24485cea50d1cbac27 -> 
  custom:video-encoder-webm-vp8: eb34c28f22e8b96e1ab97ce403110664 -> 
  custom:video-decoder-webm-vp8: 9c59270c3fd7afecdb556c50c9e8de78 -> 
  custom:audio-decoder-ogg-vorbis: bf7c407c2cedff20999df2af8eb42d56 -> 
  custom:audio-encoder-webm-vorbis: bf7c407c2cedff20999df2af8eb42d56 -> 
========================================================================
Received Import Request.
  Time since last request: 48.685691 seconds.
  path: Assets/Resources/my_animate/test.anim
  artifactKey: Guid(d8cef89bcf3eb5c4497c96f40fc36f5f) Importer(815301076,1909f56bfc062723c751e8b465ee728b)
Start importing Assets/Resources/my_animate/test.anim using Guid(d8cef89bcf3eb5c4497c96f40fc36f5f) Importer(815301076,1909f56bfc062723c751e8b465ee728b)  -> (artifact id: '3bde471778d4f7d2cd17b4871d5601a1') in 0.017884 seconds 
========================================================================
Received Prepare
Registering precompiled user dll's ...
Registered in 0.002200 seconds.
Begin MonoManager ReloadAssembly
Native extension for WindowsStandalone target not found
Refreshing native plugins compatible for Editor in 0.53 ms, found 3 plugins.
Preloading 0 native plugins for Editor in 0.00 ms.
Mono: successfully reloaded assembly
- Completed reload, in  0.871 seconds
Domain Reload Profiling:
	ReloadAssembly (872ms)
		BeginReloadAssembly (102ms)
			ExecutionOrderSort (0ms)
			DisableScriptedObjects (5ms)
			BackupInstance (0ms)
			ReleaseScriptingObjects (0ms)
			CreateAndSetChildDomain (31ms)
		EndReloadAssembly (719ms)
			LoadAssemblies (83ms)
			RebuildTransferFunctionScriptingTraits (0ms)
			SetupTypeCache (258ms)
			ReleaseScriptCaches (1ms)
			RebuildScriptCaches (39ms)
			SetupLoadedEditorAssemblies (274ms)
				LogAssemblyErrors (0ms)
				InitializePlatformSupportModulesInManaged (4ms)
				SetLoadedEditorAssemblies (0ms)
				RefreshPlugins (1ms)
				BeforeProcessingInitializeOnLoad (81ms)
				ProcessInitializeOnLoadAttributes (170ms)
				ProcessInitializeOnLoadMethodAttributes (13ms)
				AfterProcessingInitializeOnLoad (6ms)
				EditorAssembliesLoaded (0ms)
			ExecutionOrderSort2 (0ms)
			AwakeInstancesAfterBackupRestoration (2ms)
Platform modules already initialized, skipping
Refreshing native plugins compatible for Editor in 0.55 ms, found 3 plugins.
Preloading 0 native plugins for Editor in 0.00 ms.
Unloading 3020 Unused Serialized files (Serialized files now loaded: 0)
System memory in use before: 139.7 MB.
System memory in use after: 139.7 MB.

Unloading 21 unused Assets to reduce memory usage. Loaded Objects now: 3500.
Total: 3.311500 ms (FindLiveObjects: 0.244900 ms CreateObjectMapping: 0.119400 ms MarkObjects: 2.819300 ms  DeleteObjects: 0.127100 ms)

AssetImportParameters requested are different than current active one (requested -> active):
  custom:framework-win-MediaFoundation: 216162199b28c13a410421893ffa2e32 -> 
  custom:video-decoder-ogg-theora: a1e56fd34408186e4bbccfd4996cb3dc -> 
  custom:container-muxer-webm: aa71ff27fc2769a1b78a27578f13a17b -> 
  custom:container-demuxer-webm: 4f35f7cbe854078d1ac9338744f61a02 -> 
  custom:container-demuxer-ogg: 62fdf1f143b41e24485cea50d1cbac27 -> 
  custom:video-encoder-webm-vp8: eb34c28f22e8b96e1ab97ce403110664 -> 
  custom:video-decoder-webm-vp8: 9c59270c3fd7afecdb556c50c9e8de78 -> 
  custom:audio-decoder-ogg-vorbis: bf7c407c2cedff20999df2af8eb42d56 -> 
  custom:audio-encoder-webm-vorbis: bf7c407c2cedff20999df2af8eb42d56 -> 
========================================================================
Received Import Request.
  Time since last request: 120.430042 seconds.
  path: Assets/Resources/my_animate/testController.controller
  artifactKey: Guid(4d99d2f2731e1ad4395ce8d30763d644) Importer(815301076,1909f56bfc062723c751e8b465ee728b)
Start importing Assets/Resources/my_animate/testController.controller using Guid(4d99d2f2731e1ad4395ce8d30763d644) Importer(815301076,1909f56bfc062723c751e8b465ee728b)  -> (artifact id: '1455437d5fd4b7635413dfa1bb96d0e3') in 0.017558 seconds 
========================================================================
Received Prepare
Registering precompiled user dll's ...
Registered in 0.002335 seconds.
Begin MonoManager ReloadAssembly
Native extension for WindowsStandalone target not found
Refreshing native plugins compatible for Editor in 0.57 ms, found 3 plugins.
Preloading 0 native plugins for Editor in 0.00 ms.
Mono: successfully reloaded assembly
- Completed reload, in  0.906 seconds
Domain Reload Profiling:
	ReloadAssembly (906ms)
		BeginReloadAssembly (103ms)
			ExecutionOrderSort (0ms)
			DisableScriptedObjects (6ms)
			BackupInstance (0ms)
			ReleaseScriptingObjects (0ms)
			CreateAndSetChildDomain (31ms)
		EndReloadAssembly (752ms)
			LoadAssemblies (83ms)
			RebuildTransferFunctionScriptingTraits (0ms)
			SetupTypeCache (269ms)
			ReleaseScriptCaches (1ms)
			RebuildScriptCaches (39ms)
			SetupLoadedEditorAssemblies (290ms)
				LogAssemblyErrors (0ms)
				InitializePlatformSupportModulesInManaged (4ms)
				SetLoadedEditorAssemblies (0ms)
				RefreshPlugins (1ms)
				BeforeProcessingInitializeOnLoad (86ms)
				ProcessInitializeOnLoadAttributes (179ms)
				ProcessInitializeOnLoadMethodAttributes (13ms)
				AfterProcessingInitializeOnLoad (6ms)
				EditorAssembliesLoaded (0ms)
			ExecutionOrderSort2 (0ms)
			AwakeInstancesAfterBackupRestoration (2ms)
Platform modules already initialized, skipping
Refreshing native plugins compatible for Editor in 0.73 ms, found 3 plugins.
Preloading 0 native plugins for Editor in 0.00 ms.
Unloading 3020 Unused Serialized files (Serialized files now loaded: 0)
System memory in use before: 139.7 MB.
System memory in use after: 139.8 MB.

Unloading 21 unused Assets to reduce memory usage. Loaded Objects now: 3503.
Total: 3.798900 ms (FindLiveObjects: 0.422200 ms CreateObjectMapping: 0.284900 ms MarkObjects: 2.947600 ms  DeleteObjects: 0.143100 ms)

AssetImportParameters requested are different than current active one (requested -> active):
  custom:framework-win-MediaFoundation: 216162199b28c13a410421893ffa2e32 -> 
  custom:video-decoder-ogg-theora: a1e56fd34408186e4bbccfd4996cb3dc -> 
  custom:container-muxer-webm: aa71ff27fc2769a1b78a27578f13a17b -> 
  custom:container-demuxer-webm: 4f35f7cbe854078d1ac9338744f61a02 -> 
  custom:container-demuxer-ogg: 62fdf1f143b41e24485cea50d1cbac27 -> 
  custom:video-encoder-webm-vp8: eb34c28f22e8b96e1ab97ce403110664 -> 
  custom:video-decoder-webm-vp8: 9c59270c3fd7afecdb556c50c9e8de78 -> 
  custom:audio-decoder-ogg-vorbis: bf7c407c2cedff20999df2af8eb42d56 -> 
  custom:audio-encoder-webm-vorbis: bf7c407c2cedff20999df2af8eb42d56 -> 
========================================================================
Received Import Request.
  Time since last request: 476.598939 seconds.
  path: Assets/Resources/my_prefab/my_prefab_power_four_v.prefab
  artifactKey: Guid(3c971f23c5aebaa47ad5270e2bd737f8) Importer(815301076,1909f56bfc062723c751e8b465ee728b)
Start importing Assets/Resources/my_prefab/my_prefab_power_four_v.prefab using Guid(3c971f23c5aebaa47ad5270e2bd737f8) Importer(815301076,1909f56bfc062723c751e8b465ee728b)  -> (artifact id: 'df23d78770c0ed428c66f9952df470e0') in 0.034654 seconds 
========================================================================
Received Import Request.
  Time since last request: 68.835705 seconds.
  path: Assets/Resources/my_prefab/my_prefab_power_four_h.prefab
  artifactKey: Guid(bc9699b8f38fe9a4eb34dbe38cdb209a) Importer(815301076,1909f56bfc062723c751e8b465ee728b)
Start importing Assets/Resources/my_prefab/my_prefab_power_four_h.prefab using Guid(bc9699b8f38fe9a4eb34dbe38cdb209a) Importer(815301076,1909f56bfc062723c751e8b465ee728b)  -> (artifact id: '9970b546ba5e10998d0945bfe178da64') in 0.008572 seconds 
========================================================================
Received Import Request.
  Time since last request: 10.514003 seconds.
  path: Assets/Resources/my_prefab/my_prefab_power_four_h.prefab
  artifactKey: Guid(bc9699b8f38fe9a4eb34dbe38cdb209a) Importer(815301076,1909f56bfc062723c751e8b465ee728b)
Start importing Assets/Resources/my_prefab/my_prefab_power_four_h.prefab using Guid(bc9699b8f38fe9a4eb34dbe38cdb209a) Importer(815301076,1909f56bfc062723c751e8b465ee728b)  -> (artifact id: '2382abeca2b048f5df1aabd74bb9774d') in 0.002760 seconds 
========================================================================
Received Import Request.
  Time since last request: 16.749710 seconds.
  path: Assets/Resources/my_prefab/my_prefab_power_four_h.prefab
  artifactKey: Guid(bc9699b8f38fe9a4eb34dbe38cdb209a) Importer(815301076,1909f56bfc062723c751e8b465ee728b)
Start importing Assets/Resources/my_prefab/my_prefab_power_four_h.prefab using Guid(bc9699b8f38fe9a4eb34dbe38cdb209a) Importer(815301076,1909f56bfc062723c751e8b465ee728b)  -> (artifact id: '4f70b39e11386b3418673ea2d954c9a5') in 0.002858 seconds 
========================================================================
Received Import Request.
  Time since last request: 14.355748 seconds.
  path: Assets/Resources/my_prefab/my_prefab_power_four_h.prefab
  artifactKey: Guid(bc9699b8f38fe9a4eb34dbe38cdb209a) Importer(815301076,1909f56bfc062723c751e8b465ee728b)
Start importing Assets/Resources/my_prefab/my_prefab_power_four_h.prefab using Guid(bc9699b8f38fe9a4eb34dbe38cdb209a) Importer(815301076,1909f56bfc062723c751e8b465ee728b)  -> (artifact id: 'f6454dcb6c11aa714ca7a5c56b49a936') in 0.002790 seconds 
========================================================================
Received Prepare
Registering precompiled user dll's ...
Registered in 0.002219 seconds.
Begin MonoManager ReloadAssembly
Native extension for WindowsStandalone target not found
Refreshing native plugins compatible for Editor in 0.53 ms, found 3 plugins.
Preloading 0 native plugins for Editor in 0.00 ms.
Mono: successfully reloaded assembly
- Completed reload, in  0.907 seconds
Domain Reload Profiling:
	ReloadAssembly (908ms)
		BeginReloadAssembly (102ms)
			ExecutionOrderSort (0ms)
			DisableScriptedObjects (6ms)
			BackupInstance (0ms)
			ReleaseScriptingObjects (0ms)
			CreateAndSetChildDomain (32ms)
		EndReloadAssembly (755ms)
			LoadAssemblies (84ms)
			RebuildTransferFunctionScriptingTraits (0ms)
			SetupTypeCache (262ms)
			ReleaseScriptCaches (1ms)
			RebuildScriptCaches (39ms)
			SetupLoadedEditorAssemblies (297ms)
				LogAssemblyErrors (0ms)
				InitializePlatformSupportModulesInManaged (4ms)
				SetLoadedEditorAssemblies (0ms)
				RefreshPlugins (1ms)
				BeforeProcessingInitializeOnLoad (85ms)
				ProcessInitializeOnLoadAttributes (188ms)
				ProcessInitializeOnLoadMethodAttributes (14ms)
				AfterProcessingInitializeOnLoad (6ms)
				EditorAssembliesLoaded (0ms)
			ExecutionOrderSort2 (0ms)
			AwakeInstancesAfterBackupRestoration (2ms)
Platform modules already initialized, skipping
Refreshing native plugins compatible for Editor in 0.53 ms, found 3 plugins.
Preloading 0 native plugins for Editor in 0.00 ms.
Unloading 3020 Unused Serialized files (Serialized files now loaded: 0)
System memory in use before: 139.9 MB.
System memory in use after: 140.0 MB.

Unloading 22 unused Assets to reduce memory usage. Loaded Objects now: 3506.
Total: 3.141000 ms (FindLiveObjects: 0.240500 ms CreateObjectMapping: 0.120600 ms MarkObjects: 2.624600 ms  DeleteObjects: 0.154500 ms)

AssetImportParameters requested are different than current active one (requested -> active):
  custom:framework-win-MediaFoundation: 216162199b28c13a410421893ffa2e32 -> 
  custom:video-decoder-ogg-theora: a1e56fd34408186e4bbccfd4996cb3dc -> 
  custom:container-muxer-webm: aa71ff27fc2769a1b78a27578f13a17b -> 
  custom:container-demuxer-webm: 4f35f7cbe854078d1ac9338744f61a02 -> 
  custom:container-demuxer-ogg: 62fdf1f143b41e24485cea50d1cbac27 -> 
  custom:video-encoder-webm-vp8: eb34c28f22e8b96e1ab97ce403110664 -> 
  custom:video-decoder-webm-vp8: 9c59270c3fd7afecdb556c50c9e8de78 -> 
  custom:audio-decoder-ogg-vorbis: bf7c407c2cedff20999df2af8eb42d56 -> 
  custom:audio-encoder-webm-vorbis: bf7c407c2cedff20999df2af8eb42d56 -> 
========================================================================
Received Import Request.
  Time since last request: 166.155854 seconds.
  path: Assets/Resources/my_prefab/my_prefab_power_four_v.prefab
  artifactKey: Guid(3c971f23c5aebaa47ad5270e2bd737f8) Importer(815301076,1909f56bfc062723c751e8b465ee728b)
Start importing Assets/Resources/my_prefab/my_prefab_power_four_v.prefab using Guid(3c971f23c5aebaa47ad5270e2bd737f8) Importer(815301076,1909f56bfc062723c751e8b465ee728b)  -> (artifact id: 'fb3960bb4867cc517f6faff4a4fcb882') in 0.027227 seconds 
========================================================================
Received Prepare
Registering precompiled user dll's ...
Registered in 0.002368 seconds.
Begin MonoManager ReloadAssembly
Native extension for WindowsStandalone target not found
Refreshing native plugins compatible for Editor in 0.55 ms, found 3 plugins.
Preloading 0 native plugins for Editor in 0.00 ms.
Mono: successfully reloaded assembly
- Completed reload, in  0.888 seconds
Domain Reload Profiling:
	ReloadAssembly (889ms)
		BeginReloadAssembly (103ms)
			ExecutionOrderSort (0ms)
			DisableScriptedObjects (6ms)
			BackupInstance (0ms)
			ReleaseScriptingObjects (0ms)
			CreateAndSetChildDomain (31ms)
		EndReloadAssembly (735ms)
			LoadAssemblies (83ms)
			RebuildTransferFunctionScriptingTraits (0ms)
			SetupTypeCache (267ms)
			ReleaseScriptCaches (1ms)
			RebuildScriptCaches (40ms)
			SetupLoadedEditorAssemblies (275ms)
				LogAssemblyErrors (0ms)
				InitializePlatformSupportModulesInManaged (4ms)
				SetLoadedEditorAssemblies (0ms)
				RefreshPlugins (1ms)
				BeforeProcessingInitializeOnLoad (79ms)
				ProcessInitializeOnLoadAttributes (172ms)
				ProcessInitializeOnLoadMethodAttributes (13ms)
				AfterProcessingInitializeOnLoad (6ms)
				EditorAssembliesLoaded (0ms)
			ExecutionOrderSort2 (0ms)
			AwakeInstancesAfterBackupRestoration (2ms)
Platform modules already initialized, skipping
Refreshing native plugins compatible for Editor in 0.52 ms, found 3 plugins.
Preloading 0 native plugins for Editor in 0.00 ms.
Unloading 3020 Unused Serialized files (Serialized files now loaded: 0)
System memory in use before: 140.0 MB.
System memory in use after: 140.0 MB.

Unloading 21 unused Assets to reduce memory usage. Loaded Objects now: 3509.
Total: 3.107700 ms (FindLiveObjects: 0.250700 ms CreateObjectMapping: 0.122300 ms MarkObjects: 2.598300 ms  DeleteObjects: 0.135400 ms)

AssetImportParameters requested are different than current active one (requested -> active):
  custom:framework-win-MediaFoundation: 216162199b28c13a410421893ffa2e32 -> 
  custom:video-decoder-ogg-theora: a1e56fd34408186e4bbccfd4996cb3dc -> 
  custom:container-muxer-webm: aa71ff27fc2769a1b78a27578f13a17b -> 
  custom:container-demuxer-webm: 4f35f7cbe854078d1ac9338744f61a02 -> 
  custom:container-demuxer-ogg: 62fdf1f143b41e24485cea50d1cbac27 -> 
  custom:video-encoder-webm-vp8: eb34c28f22e8b96e1ab97ce403110664 -> 
  custom:video-decoder-webm-vp8: 9c59270c3fd7afecdb556c50c9e8de78 -> 
  custom:audio-decoder-ogg-vorbis: bf7c407c2cedff20999df2af8eb42d56 -> 
  custom:audio-encoder-webm-vorbis: bf7c407c2cedff20999df2af8eb42d56 -> 
========================================================================
Received Import Request.
  Time since last request: 435.325148 seconds.
  path: Assets/Resources/my_texture/my_gems_power_four 1.png
  artifactKey: Guid(b6cac60c6ad725e4dbb1434022e2fef7) Importer(815301076,1909f56bfc062723c751e8b465ee728b)
Start importing Assets/Resources/my_texture/my_gems_power_four 1.png using Guid(b6cac60c6ad725e4dbb1434022e2fef7) Importer(815301076,1909f56bfc062723c751e8b465ee728b)  -> (artifact id: '085442dc37756a4696bbcfb70a1d868f') in 0.103272 seconds 
========================================================================
Received Import Request.
  Time since last request: 18.367017 seconds.
  path: Assets/Resources/my_texture/my_gems_power_four 1.png
  artifactKey: Guid(b6cac60c6ad725e4dbb1434022e2fef7) Importer(815301076,1909f56bfc062723c751e8b465ee728b)
Start importing Assets/Resources/my_texture/my_gems_power_four 1.png using Guid(b6cac60c6ad725e4dbb1434022e2fef7) Importer(815301076,1909f56bfc062723c751e8b465ee728b)  -> (artifact id: '8ca26ffef5b48bcefa30369ed3ca72b8') in 0.011029 seconds 
========================================================================
Received Import Request.
  Time since last request: 13.016845 seconds.
  path: Assets/Resources/my_texture/my_gems_power_four 1.png
  artifactKey: Guid(b6cac60c6ad725e4dbb1434022e2fef7) Importer(815301076,1909f56bfc062723c751e8b465ee728b)
Start importing Assets/Resources/my_texture/my_gems_power_four 1.png using Guid(b6cac60c6ad725e4dbb1434022e2fef7) Importer(815301076,1909f56bfc062723c751e8b465ee728b)  -> (artifact id: 'ee1d52b27e8f8aa98c7b3a7c71c2fc72') in 0.025373 seconds 
========================================================================
Received Prepare
Registering precompiled user dll's ...
Registered in 0.002324 seconds.
Begin MonoManager ReloadAssembly
Native extension for WindowsStandalone target not found
Refreshing native plugins compatible for Editor in 0.53 ms, found 3 plugins.
Preloading 0 native plugins for Editor in 0.00 ms.
Mono: successfully reloaded assembly
- Completed reload, in  0.901 seconds
Domain Reload Profiling:
	ReloadAssembly (901ms)
		BeginReloadAssembly (101ms)
			ExecutionOrderSort (0ms)
			DisableScriptedObjects (5ms)
			BackupInstance (0ms)
			ReleaseScriptingObjects (0ms)
			CreateAndSetChildDomain (31ms)
		EndReloadAssembly (750ms)
			LoadAssemblies (82ms)
			RebuildTransferFunctionScriptingTraits (0ms)
			SetupTypeCache (259ms)
			ReleaseScriptCaches (1ms)
			RebuildScriptCaches (40ms)
			SetupLoadedEditorAssemblies (302ms)
				LogAssemblyErrors (0ms)
				InitializePlatformSupportModulesInManaged (4ms)
				SetLoadedEditorAssemblies (0ms)
				RefreshPlugins (1ms)
				BeforeProcessingInitializeOnLoad (82ms)
				ProcessInitializeOnLoadAttributes (196ms)
				ProcessInitializeOnLoadMethodAttributes (13ms)
				AfterProcessingInitializeOnLoad (6ms)
				EditorAssembliesLoaded (0ms)
			ExecutionOrderSort2 (0ms)
			AwakeInstancesAfterBackupRestoration (2ms)
Platform modules already initialized, skipping
Refreshing native plugins compatible for Editor in 0.53 ms, found 3 plugins.
Preloading 0 native plugins for Editor in 0.00 ms.
Unloading 3020 Unused Serialized files (Serialized files now loaded: 0)
System memory in use before: 142.9 MB.
System memory in use after: 143.0 MB.

Unloading 21 unused Assets to reduce memory usage. Loaded Objects now: 3518.
Total: 2.885800 ms (FindLiveObjects: 0.212000 ms CreateObjectMapping: 0.111700 ms MarkObjects: 2.427300 ms  DeleteObjects: 0.133900 ms)

AssetImportParameters requested are different than current active one (requested -> active):
  custom:framework-win-MediaFoundation: 216162199b28c13a410421893ffa2e32 -> 
  custom:video-decoder-ogg-theora: a1e56fd34408186e4bbccfd4996cb3dc -> 
  custom:container-muxer-webm: aa71ff27fc2769a1b78a27578f13a17b -> 
  custom:container-demuxer-webm: 4f35f7cbe854078d1ac9338744f61a02 -> 
  custom:container-demuxer-ogg: 62fdf1f143b41e24485cea50d1cbac27 -> 
  custom:video-encoder-webm-vp8: eb34c28f22e8b96e1ab97ce403110664 -> 
  custom:video-decoder-webm-vp8: 9c59270c3fd7afecdb556c50c9e8de78 -> 
  custom:audio-decoder-ogg-vorbis: bf7c407c2cedff20999df2af8eb42d56 -> 
  custom:audio-encoder-webm-vorbis: bf7c407c2cedff20999df2af8eb42d56 -> 
========================================================================
Received Prepare
Registering precompiled user dll's ...
Registered in 0.002430 seconds.
Begin MonoManager ReloadAssembly
Native extension for WindowsStandalone target not found
Refreshing native plugins compatible for Editor in 0.52 ms, found 3 plugins.
Preloading 0 native plugins for Editor in 0.00 ms.
Mono: successfully reloaded assembly
- Completed reload, in  0.893 seconds
Domain Reload Profiling:
	ReloadAssembly (894ms)
		BeginReloadAssembly (102ms)
			ExecutionOrderSort (0ms)
			DisableScriptedObjects (6ms)
			BackupInstance (0ms)
			ReleaseScriptingObjects (0ms)
			CreateAndSetChildDomain (30ms)
		EndReloadAssembly (741ms)
			LoadAssemblies (85ms)
			RebuildTransferFunctionScriptingTraits (0ms)
			SetupTypeCache (271ms)
			ReleaseScriptCaches (1ms)
			RebuildScriptCaches (41ms)
			SetupLoadedEditorAssemblies (279ms)
				LogAssemblyErrors (0ms)
				InitializePlatformSupportModulesInManaged (4ms)
				SetLoadedEditorAssemblies (0ms)
				RefreshPlugins (1ms)
				BeforeProcessingInitializeOnLoad (81ms)
				ProcessInitializeOnLoadAttributes (173ms)
				ProcessInitializeOnLoadMethodAttributes (15ms)
				AfterProcessingInitializeOnLoad (6ms)
				EditorAssembliesLoaded (0ms)
			ExecutionOrderSort2 (0ms)
			AwakeInstancesAfterBackupRestoration (3ms)
Platform modules already initialized, skipping
Refreshing native plugins compatible for Editor in 0.52 ms, found 3 plugins.
Preloading 0 native plugins for Editor in 0.00 ms.
Unloading 3020 Unused Serialized files (Serialized files now loaded: 0)
System memory in use before: 142.9 MB.
System memory in use after: 143.0 MB.

Unloading 21 unused Assets to reduce memory usage. Loaded Objects now: 3521.
Total: 3.258100 ms (FindLiveObjects: 0.252300 ms CreateObjectMapping: 0.125400 ms MarkObjects: 2.736200 ms  DeleteObjects: 0.143300 ms)

AssetImportParameters requested are different than current active one (requested -> active):
  custom:framework-win-MediaFoundation: 216162199b28c13a410421893ffa2e32 -> 
  custom:video-decoder-ogg-theora: a1e56fd34408186e4bbccfd4996cb3dc -> 
  custom:container-muxer-webm: aa71ff27fc2769a1b78a27578f13a17b -> 
  custom:container-demuxer-webm: 4f35f7cbe854078d1ac9338744f61a02 -> 
  custom:container-demuxer-ogg: 62fdf1f143b41e24485cea50d1cbac27 -> 
  custom:video-encoder-webm-vp8: eb34c28f22e8b96e1ab97ce403110664 -> 
  custom:video-decoder-webm-vp8: 9c59270c3fd7afecdb556c50c9e8de78 -> 
  custom:audio-decoder-ogg-vorbis: bf7c407c2cedff20999df2af8eb42d56 -> 
  custom:audio-encoder-webm-vorbis: bf7c407c2cedff20999df2af8eb42d56 -> 
========================================================================
Received Import Request.
  Time since last request: 4157.038526 seconds.
  path: Assets/Resources/my_texture/my_gems_power_five.png
  artifactKey: Guid(d194a72f0e05a1a448edc1df50843c1b) Importer(815301076,1909f56bfc062723c751e8b465ee728b)
Start importing Assets/Resources/my_texture/my_gems_power_five.png using Guid(d194a72f0e05a1a448edc1df50843c1b) Importer(815301076,1909f56bfc062723c751e8b465ee728b)  -> (artifact id: '9c8b07afa0c003726b6aad40b077cbc3') in 0.057084 seconds 
========================================================================
Received Import Request.
  Time since last request: 13.025720 seconds.
  path: Assets/Resources/my_texture/my_gems_power_five.png
  artifactKey: Guid(d194a72f0e05a1a448edc1df50843c1b) Importer(815301076,1909f56bfc062723c751e8b465ee728b)
Start importing Assets/Resources/my_texture/my_gems_power_five.png using Guid(d194a72f0e05a1a448edc1df50843c1b) Importer(815301076,1909f56bfc062723c751e8b465ee728b)  -> (artifact id: '3af02c337d16b318c4479851eb65ba2d') in 0.010110 seconds 
========================================================================
Received Import Request.
  Time since last request: 19.047624 seconds.
  path: Assets/Resources/my_texture/my_gems_power_five.png
  artifactKey: Guid(d194a72f0e05a1a448edc1df50843c1b) Importer(815301076,1909f56bfc062723c751e8b465ee728b)
Start importing Assets/Resources/my_texture/my_gems_power_five.png using Guid(d194a72f0e05a1a448edc1df50843c1b) Importer(815301076,1909f56bfc062723c751e8b465ee728b)  -> (artifact id: '2cc545e9d28398f7b649ea4d4f9d82e8') in 0.019852 seconds 
========================================================================
Received Import Request.
  Time since last request: 111.468296 seconds.
  path: Assets/Resources/my_animate/my_power_five.anim
  artifactKey: Guid(1a04ed1d6f53b0a4388f03665b0e8985) Importer(815301076,1909f56bfc062723c751e8b465ee728b)
Start importing Assets/Resources/my_animate/my_power_five.anim using Guid(1a04ed1d6f53b0a4388f03665b0e8985) Importer(815301076,1909f56bfc062723c751e8b465ee728b)  -> (artifact id: '95a2e7b8e8dd617da6e3699e3d8a24fe') in 0.008289 seconds 
========================================================================
Received Import Request.
  Time since last request: 206.778581 seconds.
  path: Assets/Resources/my_animate/my_controller_powerFive.controller
  artifactKey: Guid(08fca9568b00fdf46917c4a46ea0b5cf) Importer(815301076,1909f56bfc062723c751e8b465ee728b)
Start importing Assets/Resources/my_animate/my_controller_powerFive.controller using Guid(08fca9568b00fdf46917c4a46ea0b5cf) Importer(815301076,1909f56bfc062723c751e8b465ee728b)  -> (artifact id: '09bfaff6cdea717ce228c92ffa737661') in 0.009165 seconds 
========================================================================
Received Prepare
Registering precompiled user dll's ...
Registered in 0.002271 seconds.
Begin MonoManager ReloadAssembly
Native extension for WindowsStandalone target not found
Refreshing native plugins compatible for Editor in 0.52 ms, found 3 plugins.
Preloading 0 native plugins for Editor in 0.00 ms.
Mono: successfully reloaded assembly
- Completed reload, in  0.884 seconds
Domain Reload Profiling:
	ReloadAssembly (884ms)
		BeginReloadAssembly (108ms)
			ExecutionOrderSort (0ms)
			DisableScriptedObjects (5ms)
			BackupInstance (0ms)
			ReleaseScriptingObjects (0ms)
			CreateAndSetChildDomain (33ms)
		EndReloadAssembly (723ms)
			LoadAssemblies (88ms)
			RebuildTransferFunctionScriptingTraits (0ms)
			SetupTypeCache (257ms)
			ReleaseScriptCaches (1ms)
			RebuildScriptCaches (40ms)
			SetupLoadedEditorAssemblies (275ms)
				LogAssemblyErrors (0ms)
				InitializePlatformSupportModulesInManaged (4ms)
				SetLoadedEditorAssemblies (0ms)
				RefreshPlugins (1ms)
				BeforeProcessingInitializeOnLoad (80ms)
				ProcessInitializeOnLoadAttributes (171ms)
				ProcessInitializeOnLoadMethodAttributes (13ms)
				AfterProcessingInitializeOnLoad (6ms)
				EditorAssembliesLoaded (0ms)
			ExecutionOrderSort2 (0ms)
			AwakeInstancesAfterBackupRestoration (3ms)
Platform modules already initialized, skipping
Refreshing native plugins compatible for Editor in 0.56 ms, found 3 plugins.
Preloading 0 native plugins for Editor in 0.00 ms.
Unloading 3020 Unused Serialized files (Serialized files now loaded: 0)
System memory in use before: 142.9 MB.
System memory in use after: 143.0 MB.

Unloading 21 unused Assets to reduce memory usage. Loaded Objects now: 3525.
Total: 3.135300 ms (FindLiveObjects: 0.217100 ms CreateObjectMapping: 0.119900 ms MarkObjects: 2.657600 ms  DeleteObjects: 0.140000 ms)

AssetImportParameters requested are different than current active one (requested -> active):
  custom:framework-win-MediaFoundation: 216162199b28c13a410421893ffa2e32 -> 
  custom:video-decoder-ogg-theora: a1e56fd34408186e4bbccfd4996cb3dc -> 
  custom:container-muxer-webm: aa71ff27fc2769a1b78a27578f13a17b -> 
  custom:container-demuxer-webm: 4f35f7cbe854078d1ac9338744f61a02 -> 
  custom:container-demuxer-ogg: 62fdf1f143b41e24485cea50d1cbac27 -> 
  custom:video-encoder-webm-vp8: eb34c28f22e8b96e1ab97ce403110664 -> 
  custom:video-decoder-webm-vp8: 9c59270c3fd7afecdb556c50c9e8de78 -> 
  custom:audio-decoder-ogg-vorbis: bf7c407c2cedff20999df2af8eb42d56 -> 
  custom:audio-encoder-webm-vorbis: bf7c407c2cedff20999df2af8eb42d56 -> 
========================================================================
Received Import Request.
  Time since last request: 1374.057546 seconds.
  path: Assets/Resources/my_prefab/my_prefab_power_five.prefab
  artifactKey: Guid(996e651b23fc5894cb0cd447763116ce) Importer(815301076,1909f56bfc062723c751e8b465ee728b)
Start importing Assets/Resources/my_prefab/my_prefab_power_five.prefab using Guid(996e651b23fc5894cb0cd447763116ce) Importer(815301076,1909f56bfc062723c751e8b465ee728b)  -> (artifact id: '6c52430df45c0f9500366aed3157752b') in 0.034860 seconds 
========================================================================
Received Import Request.
  Time since last request: 6.845609 seconds.
  path: Assets/Resources/my_prefab/my_prefab_power_five.prefab
  artifactKey: Guid(996e651b23fc5894cb0cd447763116ce) Importer(815301076,1909f56bfc062723c751e8b465ee728b)
Start importing Assets/Resources/my_prefab/my_prefab_power_five.prefab using Guid(996e651b23fc5894cb0cd447763116ce) Importer(815301076,1909f56bfc062723c751e8b465ee728b)  -> (artifact id: 'ff82a3fb462086ca1ee97272bd2b7f70') in 0.003233 seconds 
========================================================================
Received Import Request.
  Time since last request: 2.400505 seconds.
  path: Assets/Resources/my_prefab/my_prefab_power_five.prefab
  artifactKey: Guid(996e651b23fc5894cb0cd447763116ce) Importer(815301076,1909f56bfc062723c751e8b465ee728b)
Start importing Assets/Resources/my_prefab/my_prefab_power_five.prefab using Guid(996e651b23fc5894cb0cd447763116ce) Importer(815301076,1909f56bfc062723c751e8b465ee728b)  -> (artifact id: 'fb0576876e8ccd3e32b885f24cbab00b') in 0.002946 seconds 
========================================================================
Received Prepare
Registering precompiled user dll's ...
Registered in 0.002288 seconds.
Begin MonoManager ReloadAssembly
Native extension for WindowsStandalone target not found
Refreshing native plugins compatible for Editor in 0.52 ms, found 3 plugins.
Preloading 0 native plugins for Editor in 0.00 ms.
Mono: successfully reloaded assembly
- Completed reload, in  0.889 seconds
Domain Reload Profiling:
	ReloadAssembly (889ms)
		BeginReloadAssembly (108ms)
			ExecutionOrderSort (0ms)
			DisableScriptedObjects (5ms)
			BackupInstance (0ms)
			ReleaseScriptingObjects (0ms)
			CreateAndSetChildDomain (31ms)
		EndReloadAssembly (729ms)
			LoadAssemblies (91ms)
			RebuildTransferFunctionScriptingTraits (0ms)
			SetupTypeCache (256ms)
			ReleaseScriptCaches (1ms)
			RebuildScriptCaches (40ms)
			SetupLoadedEditorAssemblies (282ms)
				LogAssemblyErrors (0ms)
				InitializePlatformSupportModulesInManaged (4ms)
				SetLoadedEditorAssemblies (0ms)
				RefreshPlugins (1ms)
				BeforeProcessingInitializeOnLoad (80ms)
				ProcessInitializeOnLoadAttributes (178ms)
				ProcessInitializeOnLoadMethodAttributes (13ms)
				AfterProcessingInitializeOnLoad (6ms)
				EditorAssembliesLoaded (0ms)
			ExecutionOrderSort2 (0ms)
			AwakeInstancesAfterBackupRestoration (2ms)
Platform modules already initialized, skipping
Refreshing native plugins compatible for Editor in 0.55 ms, found 3 plugins.
Preloading 0 native plugins for Editor in 0.00 ms.
Unloading 3020 Unused Serialized files (Serialized files now loaded: 0)
System memory in use before: 142.9 MB.
System memory in use after: 143.0 MB.

Unloading 21 unused Assets to reduce memory usage. Loaded Objects now: 3528.
Total: 3.258000 ms (FindLiveObjects: 0.252500 ms CreateObjectMapping: 0.167500 ms MarkObjects: 2.683600 ms  DeleteObjects: 0.153500 ms)

AssetImportParameters requested are different than current active one (requested -> active):
  custom:framework-win-MediaFoundation: 216162199b28c13a410421893ffa2e32 -> 
  custom:video-decoder-ogg-theora: a1e56fd34408186e4bbccfd4996cb3dc -> 
  custom:container-muxer-webm: aa71ff27fc2769a1b78a27578f13a17b -> 
  custom:container-demuxer-webm: 4f35f7cbe854078d1ac9338744f61a02 -> 
  custom:container-demuxer-ogg: 62fdf1f143b41e24485cea50d1cbac27 -> 
  custom:video-encoder-webm-vp8: eb34c28f22e8b96e1ab97ce403110664 -> 
  custom:video-decoder-webm-vp8: 9c59270c3fd7afecdb556c50c9e8de78 -> 
  custom:audio-decoder-ogg-vorbis: bf7c407c2cedff20999df2af8eb42d56 -> 
  custom:audio-encoder-webm-vorbis: bf7c407c2cedff20999df2af8eb42d56 -> 
AssetImportWorkerClient::OnTransportError - code=2 error=End of file
